Added Component: Designator=C1(1608[0603])
Added Component: Designator=C2(1608[0603])
Added Component: Designator=C3(1608[0603])
Added Component: Designator=C4(1608[0603])
Added Component: Designator=C5(1608[0603])
Added Component: Designator=C6(1608[0603])
Added Component: Designator=C7(1608[0603])
Added Component: Designator=C8(1608[0603])
Added Component: Designator=C9(1608[0603])
Added Component: Designator=C10(1608[0603])
Added Component: Designator=C11(1608[0603])
Added Component: Designator=C12(1608[0603])
Added Component: Designator=C13(1608[0603])
Added Component: Designator=C14(1608[0603])
Added Component: Designator=C15(1608[0603])
Added Component: Designator=C16(1608[0603])
Added Component: Designator=C17(1608[0603])
Added Component: Designator=C18(1608[0603])
Added Component: Designator=C19(1608[0603])
Added Component: Designator=C20(1608[0603])
Added Component: Designator=C21(1608[0603])
Added Component: Designator=C22(1608[0603])
Added Component: Designator=D1(J1-0603)
Added Component: Designator=D2(J1-0603)
Added Component: Designator=D3(J1-0603)
Added Component: Designator=D4(J1-0603)
Added Component: Designator=P1(MHDR1X3)
Added Component: Designator=R1(J1-0603)
Added Component: Designator=R2(J1-0603)
Added Component: Designator=R3(J1-0603)
Added Component: Designator=R4(J1-0603)
Added Component: Designator=R5(J1-0603)
Added Component: Designator=R6(J1-0603)
Added Component: Designator=R7(J1-0603)
Added Component: Designator=R8(J1-0603)
Added Component: Designator=R9(J1-0603)
Added Component: Designator=R10(J1-0603)
Added Component: Designator=R11(J1-0603)
Added Component: Designator=R12(J1-0603)
Added Component: Designator=R13(J1-0603)
Added Component: Designator=R14(J1-0603)
Added Component: Designator=R15(J1-0603)
Added Component: Designator=R16(J1-0603)
Added Component: Designator=R17(J1-0603)
Added Component: Designator=R18(J1-0603)
Added Component: Designator=R19(J1-0603)
Added Component: Designator=R20(J1-0603)
Added Component: Designator=R21(J1-0603)
Added Component: Designator=R22(J1-0603)
Added Component: Designator=R23(J1-0603)
Added Component: Designator=R24(J1-0603)
Added Component: Designator=R25(J1-0603)
Added Component: Designator=R26(J1-0603)
Added Component: Designator=R27(J1-0603)
Added Component: Designator=R28(J1-0603)
Added Component: Designator=R29(J1-0603)
Added Component: Designator=R30(14-1210)
Added Component: Designator=R31(J1-0603)
Added Component: Designator=SER1(HDR1X3)
Added Component: Designator=T1(SOIC127P600-8L)
Added Component: Designator=T2(SOIC127P600-8L)
Added Component: Designator=T3(SOIC127P600-8L)
Added Component: Designator=U1(SOT486-1_V)
Added Component: Designator=U2(D8_N)
Added Component: Designator=U3(SSOP-SS28_N)
Added Component: Designator=U4(SOIC-OA8_N)
Added Component: Designator=U5(SOIC-OA8_N)
Added Component: Designator=U6(SOT-23-OT5_N)
Added Component: Designator=U7(SOIC-OA8_N)
Added Component: Designator=U8(MP05A_N)
Added Component: Designator=U9(MP05A_N)
Added Component: Designator=U10(MP05A_N)
Added Component: Designator=U11(QFN-24_N)
Added Component: Designator=USB1(USB/SM0.8-6H5)
Added Pin To Net: NetName=DET1 Pin=R12-2
Added Pin To Net: NetName=DET1 Pin=U3-15
Added Net: Name=DET1
Added Pin To Net: NetName=DET2 Pin=R13-2
Added Pin To Net: NetName=DET2 Pin=U3-16
Added Net: Name=DET2
Added Pin To Net: NetName=GND Pin=C1-1
Added Pin To Net: NetName=GND Pin=C2-1
Added Pin To Net: NetName=GND Pin=C3-1
Added Pin To Net: NetName=GND Pin=C4-1
Added Pin To Net: NetName=GND Pin=C5-1
Added Pin To Net: NetName=GND Pin=C6-1
Added Pin To Net: NetName=GND Pin=C7-1
Added Pin To Net: NetName=GND Pin=C8-1
Added Pin To Net: NetName=GND Pin=C9-1
Added Pin To Net: NetName=GND Pin=C10-1
Added Pin To Net: NetName=GND Pin=C11-1
Added Pin To Net: NetName=GND Pin=C12-1
Added Pin To Net: NetName=GND Pin=C13-1
Added Pin To Net: NetName=GND Pin=C14-1
Added Pin To Net: NetName=GND Pin=C15-1
Added Pin To Net: NetName=GND Pin=C16-1
Added Pin To Net: NetName=GND Pin=C17-1
Added Pin To Net: NetName=GND Pin=C18-1
Added Pin To Net: NetName=GND Pin=C19-2
Added Pin To Net: NetName=GND Pin=C20-1
Added Pin To Net: NetName=GND Pin=C21-1
Added Pin To Net: NetName=GND Pin=C22-2
Added Pin To Net: NetName=GND Pin=R4-1
Added Pin To Net: NetName=GND Pin=R6-1
Added Pin To Net: NetName=GND Pin=R7-1
Added Pin To Net: NetName=GND Pin=R10-1
Added Pin To Net: NetName=GND Pin=R12-1
Added Pin To Net: NetName=GND Pin=R13-1
Added Pin To Net: NetName=GND Pin=R22-2
Added Pin To Net: NetName=GND Pin=R23-2
Added Pin To Net: NetName=GND Pin=R24-2
Added Pin To Net: NetName=GND Pin=R25-1
Added Pin To Net: NetName=GND Pin=R30-1
Added Pin To Net: NetName=GND Pin=R31-1
Added Pin To Net: NetName=GND Pin=SER1-3
Added Pin To Net: NetName=GND Pin=U1-4
Added Pin To Net: NetName=GND Pin=U1-19
Added Pin To Net: NetName=GND Pin=U1-23
Added Pin To Net: NetName=GND Pin=U1-40
Added Pin To Net: NetName=GND Pin=U1-76
Added Pin To Net: NetName=GND Pin=U1-109
Added Pin To Net: NetName=GND Pin=U1-135
Added Pin To Net: NetName=GND Pin=U2-4
Added Pin To Net: NetName=GND Pin=U3-8
Added Pin To Net: NetName=GND Pin=U3-19
Added Pin To Net: NetName=GND Pin=U3-27
Added Pin To Net: NetName=GND Pin=U5-3
Added Pin To Net: NetName=GND Pin=U6-2
Added Pin To Net: NetName=GND Pin=U7-3
Added Pin To Net: NetName=GND Pin=U8-5
Added Pin To Net: NetName=GND Pin=U9-5
Added Pin To Net: NetName=GND Pin=U10-5
Added Pin To Net: NetName=GND Pin=U11-1
Added Pin To Net: NetName=GND Pin=U11-9
Added Pin To Net: NetName=GND Pin=U11-11
Added Pin To Net: NetName=GND Pin=U11-18
Added Pin To Net: NetName=GND Pin=USB1-5
Added Net: Name=GND
Added Pin To Net: NetName=M1 Pin=P1-1
Added Pin To Net: NetName=M1 Pin=R15-1
Added Pin To Net: NetName=M1 Pin=T1-3
Added Pin To Net: NetName=M1 Pin=T1-7
Added Pin To Net: NetName=M1 Pin=T1-8
Added Net: Name=M1
Added Pin To Net: NetName=M2 Pin=P1-2
Added Pin To Net: NetName=M2 Pin=R16-1
Added Pin To Net: NetName=M2 Pin=T2-3
Added Pin To Net: NetName=M2 Pin=T2-7
Added Pin To Net: NetName=M2 Pin=T2-8
Added Net: Name=M2
Added Pin To Net: NetName=M3 Pin=P1-3
Added Pin To Net: NetName=M3 Pin=R17-2
Added Pin To Net: NetName=M3 Pin=T3-3
Added Pin To Net: NetName=M3 Pin=T3-7
Added Pin To Net: NetName=M3 Pin=T3-8
Added Net: Name=M3
Added Pin To Net: NetName=MOTOR_CURRENT Pin=C9-2
Added Pin To Net: NetName=MOTOR_CURRENT Pin=R29-2
Added Pin To Net: NetName=MOTOR_CURRENT Pin=U3-4
Added Net: Name=MOTOR_CURRENT
Added Pin To Net: NetName=NetC2_2 Pin=C2-2
Added Pin To Net: NetName=NetC2_2 Pin=U3-20
Added Net: Name=NetC2_2
Added Pin To Net: NetName=NetC12_2 Pin=C12-2
Added Pin To Net: NetName=NetC12_2 Pin=R27-2
Added Pin To Net: NetName=NetC12_2 Pin=R28-1
Added Net: Name=NetC12_2
Added Pin To Net: NetName=NetC21_2 Pin=C21-2
Added Pin To Net: NetName=NetC21_2 Pin=U11-10
Added Net: Name=NetC21_2
Added Pin To Net: NetName=NetC22_1 Pin=C22-1
Added Pin To Net: NetName=NetC22_1 Pin=U11-20
Added Net: Name=NetC22_1
Added Pin To Net: NetName=NetD1_2 Pin=D1-2
Added Pin To Net: NetName=NetD1_2 Pin=R1-1
Added Net: Name=NetD1_2
Added Pin To Net: NetName=NetD2_2 Pin=D2-2
Added Pin To Net: NetName=NetD2_2 Pin=R2-1
Added Net: Name=NetD2_2
Added Pin To Net: NetName=NetD3_2 Pin=D3-2
Added Pin To Net: NetName=NetD3_2 Pin=R11-1
Added Net: Name=NetD3_2
Added Pin To Net: NetName=NetD4_2 Pin=D4-2
Added Pin To Net: NetName=NetD4_2 Pin=R14-1
Added Net: Name=NetD4_2
Added Pin To Net: NetName=NetR1_2 Pin=R1-2
Added Pin To Net: NetName=NetR1_2 Pin=U1-32
Added Net: Name=NetR1_2
Added Pin To Net: NetName=NetR2_2 Pin=R2-2
Added Pin To Net: NetName=NetR2_2 Pin=U1-34
Added Net: Name=NetR2_2
Added Pin To Net: NetName=NetR3_2 Pin=R3-2
Added Pin To Net: NetName=NetR3_2 Pin=U1-42
Added Net: Name=NetR3_2
Added Pin To Net: NetName=NetR4_2 Pin=R4-2
Added Pin To Net: NetName=NetR4_2 Pin=U1-43
Added Net: Name=NetR4_2
Added Pin To Net: NetName=NetR5_2 Pin=R5-2
Added Pin To Net: NetName=NetR5_2 Pin=U1-98
Added Net: Name=NetR5_2
Added Pin To Net: NetName=NetR6_2 Pin=R6-2
Added Pin To Net: NetName=NetR6_2 Pin=U1-102
Added Net: Name=NetR6_2
Added Pin To Net: NetName=NetR8_2 Pin=R8-2
Added Pin To Net: NetName=NetR8_2 Pin=R9-2
Added Pin To Net: NetName=NetR8_2 Pin=R10-2
Added Net: Name=NetR8_2
Added Pin To Net: NetName=NetR9_1 Pin=R9-1
Added Pin To Net: NetName=NetR9_1 Pin=U1-2
Added Net: Name=NetR9_1
Added Pin To Net: NetName=NetR11_2 Pin=R11-2
Added Pin To Net: NetName=NetR11_2 Pin=U3-3
Added Net: Name=NetR11_2
Added Pin To Net: NetName=NetR14_2 Pin=R14-2
Added Pin To Net: NetName=NetR14_2 Pin=U3-2
Added Net: Name=NetR14_2
Added Pin To Net: NetName=NetR15_2 Pin=R15-2
Added Pin To Net: NetName=NetR15_2 Pin=R19-2
Added Pin To Net: NetName=NetR15_2 Pin=R22-1
Added Net: Name=NetR15_2
Added Pin To Net: NetName=NetR16_2 Pin=R16-2
Added Pin To Net: NetName=NetR16_2 Pin=R20-2
Added Pin To Net: NetName=NetR16_2 Pin=R23-1
Added Net: Name=NetR16_2
Added Pin To Net: NetName=NetR17_1 Pin=R17-1
Added Pin To Net: NetName=NetR17_1 Pin=R21-2
Added Pin To Net: NetName=NetR17_1 Pin=R24-1
Added Net: Name=NetR17_1
Added Pin To Net: NetName=NetR18_2 Pin=R18-2
Added Pin To Net: NetName=NetR18_2 Pin=U1-52
Added Pin To Net: NetName=NetR18_2 Pin=U3-1
Added Net: Name=NetR18_2
Added Pin To Net: NetName=NetR19_1 Pin=R19-1
Added Pin To Net: NetName=NetR19_1 Pin=U3-5
Added Net: Name=NetR19_1
Added Pin To Net: NetName=NetR20_1 Pin=R20-1
Added Pin To Net: NetName=NetR20_1 Pin=U3-6
Added Net: Name=NetR20_1
Added Pin To Net: NetName=NetR21_1 Pin=R21-1
Added Pin To Net: NetName=NetR21_1 Pin=U3-7
Added Net: Name=NetR21_1
Added Pin To Net: NetName=NetR25_2 Pin=R25-2
Added Pin To Net: NetName=NetR25_2 Pin=R26-1
Added Pin To Net: NetName=NetR25_2 Pin=U6-4
Added Net: Name=NetR25_2
Added Pin To Net: NetName=NetR26_2 Pin=R26-2
Added Pin To Net: NetName=NetR26_2 Pin=R29-1
Added Pin To Net: NetName=NetR26_2 Pin=U6-1
Added Net: Name=NetR26_2
Added Pin To Net: NetName=NetR27_1 Pin=R27-1
Added Pin To Net: NetName=NetR27_1 Pin=R30-2
Added Pin To Net: NetName=NetR27_1 Pin=T1-1
Added Pin To Net: NetName=NetR27_1 Pin=T2-1
Added Pin To Net: NetName=NetR27_1 Pin=T3-1
Added Net: Name=NetR27_1
Added Pin To Net: NetName=NetR28_2 Pin=R28-2
Added Pin To Net: NetName=NetR28_2 Pin=U6-3
Added Net: Name=NetR28_2
Added Pin To Net: NetName=NetR31_2 Pin=R31-2
Added Pin To Net: NetName=NetR31_2 Pin=U1-62
Added Pin To Net: NetName=NetR31_2 Pin=U8-1
Added Net: Name=NetR31_2
Added Pin To Net: NetName=NetSER1_1 Pin=SER1-1
Added Pin To Net: NetName=NetSER1_1 Pin=U1-75
Added Net: Name=NetSER1_1
Added Pin To Net: NetName=NetSER1_2 Pin=SER1-2
Added Pin To Net: NetName=NetSER1_2 Pin=U1-81
Added Net: Name=NetSER1_2
Added Pin To Net: NetName=NetT1_2 Pin=T1-2
Added Pin To Net: NetName=NetT1_2 Pin=U4-5
Added Net: Name=NetT1_2
Added Pin To Net: NetName=NetT1_4 Pin=T1-4
Added Pin To Net: NetName=NetT1_4 Pin=U4-7
Added Net: Name=NetT1_4
Added Pin To Net: NetName=NetT2_2 Pin=T2-2
Added Pin To Net: NetName=NetT2_2 Pin=U5-5
Added Net: Name=NetT2_2
Added Pin To Net: NetName=NetT3_2 Pin=T3-2
Added Pin To Net: NetName=NetT3_2 Pin=U7-5
Added Net: Name=NetT3_2
Added Pin To Net: NetName=NetT3_4 Pin=T3-4
Added Pin To Net: NetName=NetT3_4 Pin=U7-7
Added Net: Name=NetT3_4
Added Pin To Net: NetName=NetU1_18 Pin=U1-18
Added Pin To Net: NetName=NetU1_18 Pin=USB1-3
Added Net: Name=NetU1_18
Added Pin To Net: NetName=NetU1_20 Pin=U1-20
Added Pin To Net: NetName=NetU1_20 Pin=USB1-2
Added Net: Name=NetU1_20
Added Pin To Net: NetName=NetU1_22 Pin=U1-22
Added Pin To Net: NetName=NetU1_22 Pin=USB1-4
Added Net: Name=NetU1_22
Added Pin To Net: NetName=NetU1_50 Pin=U1-50
Added Pin To Net: NetName=NetU1_50 Pin=U3-11
Added Net: Name=NetU1_50
Added Pin To Net: NetName=NetU1_51 Pin=U1-51
Added Pin To Net: NetName=NetU1_51 Pin=U3-12
Added Net: Name=NetU1_51
Added Pin To Net: NetName=NetU1_53 Pin=U1-53
Added Net: Name=NetU1_53
Added Pin To Net: NetName=NetU1_55 Pin=U1-55
Added Net: Name=NetU1_55
Added Pin To Net: NetName=NetU1_56 Pin=U1-56
Added Net: Name=NetU1_56
Added Pin To Net: NetName=NetU1_87 Pin=U1-87
Added Pin To Net: NetName=NetU1_87 Pin=U11-24
Added Net: Name=NetU1_87
Added Pin To Net: NetName=NetU1_88 Pin=U1-88
Added Pin To Net: NetName=NetU1_88 Pin=U11-23
Added Net: Name=NetU1_88
Added Pin To Net: NetName=NetU1_92 Pin=U1-92
Added Pin To Net: NetName=NetU1_92 Pin=U3-17
Added Net: Name=NetU1_92
Added Pin To Net: NetName=NetU1_93 Pin=U1-93
Added Pin To Net: NetName=NetU1_93 Pin=U3-18
Added Net: Name=NetU1_93
Added Pin To Net: NetName=NetU1_118 Pin=U1-118
Added Pin To Net: NetName=NetU1_118 Pin=U2-7
Added Net: Name=NetU1_118
Added Pin To Net: NetName=NetU1_119 Pin=U1-119
Added Pin To Net: NetName=NetU1_119 Pin=U2-6
Added Net: Name=NetU1_119
Added Pin To Net: NetName=NetU1_121 Pin=U1-121
Added Pin To Net: NetName=NetU1_121 Pin=U2-3
Added Net: Name=NetU1_121
Added Pin To Net: NetName=NetU1_122 Pin=U1-122
Added Pin To Net: NetName=NetU1_122 Pin=U2-2
Added Net: Name=NetU1_122
Added Pin To Net: NetName=NetU1_123 Pin=U1-123
Added Pin To Net: NetName=NetU1_123 Pin=U2-8
Added Net: Name=NetU1_123
Added Pin To Net: NetName=NetU1_124 Pin=U1-124
Added Pin To Net: NetName=NetU1_124 Pin=U2-1
Added Net: Name=NetU1_124
Added Pin To Net: NetName=NetU1_130 Pin=U1-130
Added Pin To Net: NetName=NetU1_130 Pin=U11-12
Added Net: Name=NetU1_130
Added Pin To Net: NetName=NetU3_21 Pin=U3-21
Added Pin To Net: NetName=NetU3_21 Pin=U4-2
Added Net: Name=NetU3_21
Added Pin To Net: NetName=NetU3_22 Pin=U3-22
Added Pin To Net: NetName=NetU3_22 Pin=U4-4
Added Net: Name=NetU3_22
Added Pin To Net: NetName=NetU3_24 Pin=U3-24
Added Pin To Net: NetName=NetU3_24 Pin=U5-4
Added Net: Name=NetU3_24
Added Pin To Net: NetName=NetU3_25 Pin=U3-25
Added Pin To Net: NetName=NetU3_25 Pin=U7-2
Added Net: Name=NetU3_25
Added Pin To Net: NetName=NetU3_26 Pin=U3-26
Added Pin To Net: NetName=NetU3_26 Pin=U7-4
Added Net: Name=NetU3_26
Added Pin To Net: NetName=USB0_VBUS Pin=R5-1
Added Pin To Net: NetName=USB0_VBUS Pin=R7-2
Added Pin To Net: NetName=USB0_VBUS Pin=U1-21
Added Pin To Net: NetName=USB0_VBUS Pin=USB1-1
Added Net: Name=USB0_VBUS
Added Pin To Net: NetName=V3.3MCU Pin=C17-2
Added Pin To Net: NetName=V3.3MCU Pin=U1-5
Added Pin To Net: NetName=V3.3MCU Pin=U1-16
Added Pin To Net: NetName=V3.3MCU Pin=U1-17
Added Pin To Net: NetName=V3.3MCU Pin=U1-25
Added Pin To Net: NetName=V3.3MCU Pin=U1-36
Added Pin To Net: NetName=V3.3MCU Pin=U1-41
Added Pin To Net: NetName=V3.3MCU Pin=U1-59
Added Pin To Net: NetName=V3.3MCU Pin=U1-71
Added Pin To Net: NetName=V3.3MCU Pin=U1-77
Added Pin To Net: NetName=V3.3MCU Pin=U1-94
Added Pin To Net: NetName=V3.3MCU Pin=U1-107
Added Pin To Net: NetName=V3.3MCU Pin=U1-111
Added Pin To Net: NetName=V3.3MCU Pin=U1-131
Added Pin To Net: NetName=V3.3MCU Pin=U1-137
Added Pin To Net: NetName=V3.3MCU Pin=U1-141
Added Pin To Net: NetName=V3.3MCU Pin=U10-3
Added Net: Name=V3.3MCU
Added Pin To Net: NetName=V3.3 Pin=C1-2
Added Pin To Net: NetName=V3.3 Pin=C3-2
Added Pin To Net: NetName=V3.3 Pin=C4-2
Added Pin To Net: NetName=V3.3 Pin=C15-2
Added Pin To Net: NetName=V3.3 Pin=C19-1
Added Pin To Net: NetName=V3.3 Pin=C20-2
Added Pin To Net: NetName=V3.3 Pin=D1-1
Added Pin To Net: NetName=V3.3 Pin=D2-1
Added Pin To Net: NetName=V3.3 Pin=D3-1
Added Pin To Net: NetName=V3.3 Pin=D4-1
Added Pin To Net: NetName=V3.3 Pin=R3-1
Added Pin To Net: NetName=V3.3 Pin=R18-1
Added Pin To Net: NetName=V3.3 Pin=U2-5
Added Pin To Net: NetName=V3.3 Pin=U3-13
Added Pin To Net: NetName=V3.3 Pin=U3-28
Added Pin To Net: NetName=V3.3 Pin=U9-3
Added Pin To Net: NetName=V3.3 Pin=U11-8
Added Pin To Net: NetName=V3.3 Pin=U11-13
Added Net: Name=V3.3
Added Pin To Net: NetName=V5_USB_OUT Pin=C14-2
Added Pin To Net: NetName=V5_USB_OUT Pin=U8-3
Added Net: Name=V5_USB_OUT
Added Pin To Net: NetName=VBATT Pin=C5-2
Added Pin To Net: NetName=VBATT Pin=C6-2
Added Pin To Net: NetName=VBATT Pin=C7-2
Added Pin To Net: NetName=VBATT Pin=C8-2
Added Pin To Net: NetName=VBATT Pin=C10-2
Added Pin To Net: NetName=VBATT Pin=C11-2
Added Pin To Net: NetName=VBATT Pin=C13-2
Added Pin To Net: NetName=VBATT Pin=C16-2
Added Pin To Net: NetName=VBATT Pin=C18-2
Added Pin To Net: NetName=VBATT Pin=R8-1
Added Pin To Net: NetName=VBATT Pin=T1-5
Added Pin To Net: NetName=VBATT Pin=T1-6
Added Pin To Net: NetName=VBATT Pin=T2-5
Added Pin To Net: NetName=VBATT Pin=T2-6
Added Pin To Net: NetName=VBATT Pin=T3-5
Added Pin To Net: NetName=VBATT Pin=T3-6
Added Pin To Net: NetName=VBATT Pin=U5-2
Added Pin To Net: NetName=VBATT Pin=U5-6
Added Pin To Net: NetName=VBATT Pin=U6-5
Added Pin To Net: NetName=VBATT Pin=U7-6
Added Pin To Net: NetName=VBATT Pin=U8-4
Added Pin To Net: NetName=VBATT Pin=U9-1
Added Pin To Net: NetName=VBATT Pin=U9-4
Added Pin To Net: NetName=VBATT Pin=U10-1
Added Pin To Net: NetName=VBATT Pin=U10-4
Added Net: Name=VBATT
Added Class: Name=imu
Added Class: Name=mcu
Added Class: Name=M
Added Class: Name=power
Added Room: Name=imu
Added Room: Name=M
Added Room: Name=mcu
Added Room: Name=power
