Added Component: Designator=C1_M1(1608[0603])
Added Component: Designator=C1_M2(1608[0603])
Added Component: Designator=C1_M3(1608[0603])
Added Component: Designator=C1_M4(1608[0603])
Added Component: Designator=C1(1608[0603])
Added Component: Designator=C2_M1(1608[0603])
Added Component: Designator=C2_M2(1608[0603])
Added Component: Designator=C2_M3(1608[0603])
Added Component: Designator=C2_M4(1608[0603])
Added Component: Designator=C2(1608[0603])
Added Component: Designator=C3_M1(1608[0603])
Added Component: Designator=C3_M2(1608[0603])
Added Component: Designator=C3_M3(1608[0603])
Added Component: Designator=C3_M4(1608[0603])
Added Component: Designator=C3(1608[0603])
Added Component: Designator=C4_M1(1608[0603])
Added Component: Designator=C4_M2(1608[0603])
Added Component: Designator=C4_M3(1608[0603])
Added Component: Designator=C4_M4(1608[0603])
Added Component: Designator=C4(1608[0603])
Added Component: Designator=C5_M1(1608[0603])
Added Component: Designator=C5_M2(1608[0603])
Added Component: Designator=C5_M3(1608[0603])
Added Component: Designator=C5_M4(1608[0603])
Added Component: Designator=C5(1608[0603])
Added Component: Designator=C6_M1(1608[0603])
Added Component: Designator=C6_M2(1608[0603])
Added Component: Designator=C6_M3(1608[0603])
Added Component: Designator=C6_M4(1608[0603])
Added Component: Designator=C6(1608[0603])
Added Component: Designator=C7_M1(1608[0603])
Added Component: Designator=C7_M2(1608[0603])
Added Component: Designator=C7_M3(1608[0603])
Added Component: Designator=C7_M4(1608[0603])
Added Component: Designator=C7(1608[0603])
Added Component: Designator=C8_M1(1608[0603])
Added Component: Designator=C8_M2(1608[0603])
Added Component: Designator=C8_M3(1608[0603])
Added Component: Designator=C8_M4(1608[0603])
Added Component: Designator=C8(1608[0603])
Added Component: Designator=C9_M1(1608[0603])
Added Component: Designator=C9_M2(1608[0603])
Added Component: Designator=C9_M3(1608[0603])
Added Component: Designator=C9_M4(1608[0603])
Added Component: Designator=C9(1608[0603])
Added Component: Designator=C10_M1(1608[0603])
Added Component: Designator=C10_M2(1608[0603])
Added Component: Designator=C10_M3(1608[0603])
Added Component: Designator=C10_M4(1608[0603])
Added Component: Designator=C10(1608[0603])
Added Component: Designator=C11_M1(1608[0603])
Added Component: Designator=C11_M2(1608[0603])
Added Component: Designator=C11_M3(1608[0603])
Added Component: Designator=C11_M4(1608[0603])
Added Component: Designator=C11(1608[0603])
Added Component: Designator=D1_M1(J1-0603)
Added Component: Designator=D1_M2(J1-0603)
Added Component: Designator=D1_M3(J1-0603)
Added Component: Designator=D1_M4(J1-0603)
Added Component: Designator=D1(J1-0603)
Added Component: Designator=D2_M1(J1-0603)
Added Component: Designator=D2_M2(J1-0603)
Added Component: Designator=D2_M3(J1-0603)
Added Component: Designator=D2_M4(J1-0603)
Added Component: Designator=D2(J1-0603)
Added Component: Designator=P1_M1(MHDR1X3)
Added Component: Designator=P1_M2(MHDR1X3)
Added Component: Designator=P1_M3(MHDR1X3)
Added Component: Designator=P1_M4(MHDR1X3)
Added Component: Designator=R1_M1(J1-0603)
Added Component: Designator=R1_M2(J1-0603)
Added Component: Designator=R1_M3(J1-0603)
Added Component: Designator=R1_M4(J1-0603)
Added Component: Designator=R1(J1-0603)
Added Component: Designator=R2_M1(J1-0603)
Added Component: Designator=R2_M2(J1-0603)
Added Component: Designator=R2_M3(J1-0603)
Added Component: Designator=R2_M4(J1-0603)
Added Component: Designator=R2(J1-0603)
Added Component: Designator=R3_M1(J1-0603)
Added Component: Designator=R3_M2(J1-0603)
Added Component: Designator=R3_M3(J1-0603)
Added Component: Designator=R3_M4(J1-0603)
Added Component: Designator=R3(J1-0603)
Added Component: Designator=R4_M1(J1-0603)
Added Component: Designator=R4_M2(J1-0603)
Added Component: Designator=R4_M3(J1-0603)
Added Component: Designator=R4_M4(J1-0603)
Added Component: Designator=R4(J1-0603)
Added Component: Designator=R5_M1(J1-0603)
Added Component: Designator=R5_M2(J1-0603)
Added Component: Designator=R5_M3(J1-0603)
Added Component: Designator=R5_M4(J1-0603)
Added Component: Designator=R5(J1-0603)
Added Component: Designator=R6_M1(J1-0603)
Added Component: Designator=R6_M2(J1-0603)
Added Component: Designator=R6_M3(J1-0603)
Added Component: Designator=R6_M4(J1-0603)
Added Component: Designator=R6(J1-0603)
Added Component: Designator=R7_M1(J1-0603)
Added Component: Designator=R7_M2(J1-0603)
Added Component: Designator=R7_M3(J1-0603)
Added Component: Designator=R7_M4(J1-0603)
Added Component: Designator=R7(J1-0603)
Added Component: Designator=R8_M1(J1-0603)
Added Component: Designator=R8_M2(J1-0603)
Added Component: Designator=R8_M3(J1-0603)
Added Component: Designator=R8_M4(J1-0603)
Added Component: Designator=R8(J1-0603)
Added Component: Designator=R9_M1(J1-0603)
Added Component: Designator=R9_M2(J1-0603)
Added Component: Designator=R9_M3(J1-0603)
Added Component: Designator=R9_M4(J1-0603)
Added Component: Designator=R9(J1-0603)
Added Component: Designator=R10_M1(J1-0603)
Added Component: Designator=R10_M2(J1-0603)
Added Component: Designator=R10_M3(J1-0603)
Added Component: Designator=R10_M4(J1-0603)
Added Component: Designator=R10(J1-0603)
Added Component: Designator=R11_M1(J1-0603)
Added Component: Designator=R11_M2(J1-0603)
Added Component: Designator=R11_M3(J1-0603)
Added Component: Designator=R11_M4(J1-0603)
Added Component: Designator=R11(J1-0603)
Added Component: Designator=R12_M1(14-1210)
Added Component: Designator=R12_M2(14-1210)
Added Component: Designator=R12_M3(14-1210)
Added Component: Designator=R12_M4(14-1210)
Added Component: Designator=R13_M1(J1-0603)
Added Component: Designator=R13_M2(J1-0603)
Added Component: Designator=R13_M3(J1-0603)
Added Component: Designator=R13_M4(J1-0603)
Added Component: Designator=R14_M1(J1-0603)
Added Component: Designator=R14_M2(J1-0603)
Added Component: Designator=R14_M3(J1-0603)
Added Component: Designator=R14_M4(J1-0603)
Added Component: Designator=R15_M1(J1-0603)
Added Component: Designator=R15_M2(J1-0603)
Added Component: Designator=R15_M3(J1-0603)
Added Component: Designator=R15_M4(J1-0603)
Added Component: Designator=R16_M1(J1-0603)
Added Component: Designator=R16_M2(J1-0603)
Added Component: Designator=R16_M3(J1-0603)
Added Component: Designator=R16_M4(J1-0603)
Added Component: Designator=R17_M1(J1-0603)
Added Component: Designator=R17_M2(J1-0603)
Added Component: Designator=R17_M3(J1-0603)
Added Component: Designator=R17_M4(J1-0603)
Added Component: Designator=R18_M1(J1-0603)
Added Component: Designator=R18_M2(J1-0603)
Added Component: Designator=R18_M3(J1-0603)
Added Component: Designator=R18_M4(J1-0603)
Added Component: Designator=R19_M1(J1-0603)
Added Component: Designator=R19_M2(J1-0603)
Added Component: Designator=R19_M3(J1-0603)
Added Component: Designator=R19_M4(J1-0603)
Added Component: Designator=R20_M1(J1-0603)
Added Component: Designator=R20_M2(J1-0603)
Added Component: Designator=R20_M3(J1-0603)
Added Component: Designator=R20_M4(J1-0603)
Added Component: Designator=SER(HDR1X3)
Added Component: Designator=T1_M1(SOIC127P600-8L)
Added Component: Designator=T1_M2(SOIC127P600-8L)
Added Component: Designator=T1_M3(SOIC127P600-8L)
Added Component: Designator=T1_M4(SOIC127P600-8L)
Added Component: Designator=T2_M1(SOIC127P600-8L)
Added Component: Designator=T2_M2(SOIC127P600-8L)
Added Component: Designator=T2_M3(SOIC127P600-8L)
Added Component: Designator=T2_M4(SOIC127P600-8L)
Added Component: Designator=T3_M1(SOIC127P600-8L)
Added Component: Designator=T3_M2(SOIC127P600-8L)
Added Component: Designator=T3_M3(SOIC127P600-8L)
Added Component: Designator=T3_M4(SOIC127P600-8L)
Added Component: Designator=U1_M1(SSOP-SS28_N)
Added Component: Designator=U1_M2(SSOP-SS28_N)
Added Component: Designator=U1_M3(SSOP-SS28_N)
Added Component: Designator=U1_M4(SSOP-SS28_N)
Added Component: Designator=U1(SOT486-1_V)
Added Component: Designator=U2_M1(SOT-23-OT5_N)
Added Component: Designator=U2_M2(SOT-23-OT5_N)
Added Component: Designator=U2_M3(SOT-23-OT5_N)
Added Component: Designator=U2_M4(SOT-23-OT5_N)
Added Component: Designator=U2(D8_N)
Added Component: Designator=U3_M1(SOIC-OA8_N)
Added Component: Designator=U3_M2(SOIC-OA8_N)
Added Component: Designator=U3_M3(SOIC-OA8_N)
Added Component: Designator=U3_M4(SOIC-OA8_N)
Added Component: Designator=U3(QFN-24_N)
Added Component: Designator=U4_M1(SOIC-OA8_N)
Added Component: Designator=U4_M2(SOIC-OA8_N)
Added Component: Designator=U4_M3(SOIC-OA8_N)
Added Component: Designator=U4_M4(SOIC-OA8_N)
Added Component: Designator=U4(MP05A_N)
Added Component: Designator=U5_M1(SOIC-OA8_N)
Added Component: Designator=U5_M2(SOIC-OA8_N)
Added Component: Designator=U5_M3(SOIC-OA8_N)
Added Component: Designator=U5_M4(SOIC-OA8_N)
Added Component: Designator=U5(MP05A_N)
Added Component: Designator=U6(MP05A_N)
Added Component: Designator=USB1(USB/SM0.8-6H5)
Added Pin To Net: NetName=DET1_M1 Pin=R18_M1-2
Added Pin To Net: NetName=DET1_M1 Pin=U1_M1-15
Added Net: Name=DET1_M1
Added Pin To Net: NetName=DET1_M2 Pin=R18_M2-2
Added Pin To Net: NetName=DET1_M2 Pin=U1_M2-15
Added Net: Name=DET1_M2
Added Pin To Net: NetName=DET1_M3 Pin=R18_M3-2
Added Pin To Net: NetName=DET1_M3 Pin=U1_M3-15
Added Net: Name=DET1_M3
Added Pin To Net: NetName=DET1_M4 Pin=R18_M4-2
Added Pin To Net: NetName=DET1_M4 Pin=U1_M4-15
Added Net: Name=DET1_M4
Added Pin To Net: NetName=DET2_M1 Pin=R19_M1-2
Added Pin To Net: NetName=DET2_M1 Pin=U1_M1-16
Added Net: Name=DET2_M1
Added Pin To Net: NetName=DET2_M2 Pin=R19_M2-2
Added Pin To Net: NetName=DET2_M2 Pin=U1_M2-16
Added Net: Name=DET2_M2
Added Pin To Net: NetName=DET2_M3 Pin=R19_M3-2
Added Pin To Net: NetName=DET2_M3 Pin=U1_M3-16
Added Net: Name=DET2_M3
Added Pin To Net: NetName=DET2_M4 Pin=R19_M4-2
Added Pin To Net: NetName=DET2_M4 Pin=U1_M4-16
Added Net: Name=DET2_M4
Added Pin To Net: NetName=GND Pin=C1-1
Added Pin To Net: NetName=GND Pin=C1_M1-1
Added Pin To Net: NetName=GND Pin=C1_M2-1
Added Pin To Net: NetName=GND Pin=C1_M3-1
Added Pin To Net: NetName=GND Pin=C1_M4-1
Added Pin To Net: NetName=GND Pin=C2-2
Added Pin To Net: NetName=GND Pin=C2_M1-1
Added Pin To Net: NetName=GND Pin=C2_M2-1
Added Pin To Net: NetName=GND Pin=C2_M3-1
Added Pin To Net: NetName=GND Pin=C2_M4-1
Added Pin To Net: NetName=GND Pin=C3-2
Added Pin To Net: NetName=GND Pin=C3_M1-1
Added Pin To Net: NetName=GND Pin=C3_M2-1
Added Pin To Net: NetName=GND Pin=C3_M3-1
Added Pin To Net: NetName=GND Pin=C3_M4-1
Added Pin To Net: NetName=GND Pin=C4-1
Added Pin To Net: NetName=GND Pin=C4_M1-1
Added Pin To Net: NetName=GND Pin=C4_M2-1
Added Pin To Net: NetName=GND Pin=C4_M3-1
Added Pin To Net: NetName=GND Pin=C4_M4-1
Added Pin To Net: NetName=GND Pin=C5-1
Added Pin To Net: NetName=GND Pin=C5_M1-1
Added Pin To Net: NetName=GND Pin=C5_M2-1
Added Pin To Net: NetName=GND Pin=C5_M3-1
Added Pin To Net: NetName=GND Pin=C5_M4-1
Added Pin To Net: NetName=GND Pin=C6-1
Added Pin To Net: NetName=GND Pin=C6_M1-1
Added Pin To Net: NetName=GND Pin=C6_M2-1
Added Pin To Net: NetName=GND Pin=C6_M3-1
Added Pin To Net: NetName=GND Pin=C6_M4-1
Added Pin To Net: NetName=GND Pin=C7-1
Added Pin To Net: NetName=GND Pin=C7_M1-1
Added Pin To Net: NetName=GND Pin=C7_M2-1
Added Pin To Net: NetName=GND Pin=C7_M3-1
Added Pin To Net: NetName=GND Pin=C7_M4-1
Added Pin To Net: NetName=GND Pin=C8-1
Added Pin To Net: NetName=GND Pin=C8_M1-1
Added Pin To Net: NetName=GND Pin=C8_M2-1
Added Pin To Net: NetName=GND Pin=C8_M3-1
Added Pin To Net: NetName=GND Pin=C8_M4-1
Added Pin To Net: NetName=GND Pin=C9-1
Added Pin To Net: NetName=GND Pin=C9_M1-1
Added Pin To Net: NetName=GND Pin=C9_M2-1
Added Pin To Net: NetName=GND Pin=C9_M3-1
Added Pin To Net: NetName=GND Pin=C9_M4-1
Added Pin To Net: NetName=GND Pin=C10-1
Added Pin To Net: NetName=GND Pin=C10_M1-1
Added Pin To Net: NetName=GND Pin=C10_M2-1
Added Pin To Net: NetName=GND Pin=C10_M3-1
Added Pin To Net: NetName=GND Pin=C10_M4-1
Added Pin To Net: NetName=GND Pin=C11-1
Added Pin To Net: NetName=GND Pin=C11_M1-1
Added Pin To Net: NetName=GND Pin=C11_M2-1
Added Pin To Net: NetName=GND Pin=C11_M3-1
Added Pin To Net: NetName=GND Pin=C11_M4-1
Added Pin To Net: NetName=GND Pin=R4-1
Added Pin To Net: NetName=GND Pin=R7-1
Added Pin To Net: NetName=GND Pin=R7_M1-2
Added Pin To Net: NetName=GND Pin=R7_M2-2
Added Pin To Net: NetName=GND Pin=R7_M3-2
Added Pin To Net: NetName=GND Pin=R7_M4-2
Added Pin To Net: NetName=GND Pin=R8_M1-2
Added Pin To Net: NetName=GND Pin=R8_M2-2
Added Pin To Net: NetName=GND Pin=R8_M3-2
Added Pin To Net: NetName=GND Pin=R8_M4-2
Added Pin To Net: NetName=GND Pin=R9-1
Added Pin To Net: NetName=GND Pin=R9_M1-2
Added Pin To Net: NetName=GND Pin=R9_M2-2
Added Pin To Net: NetName=GND Pin=R9_M3-2
Added Pin To Net: NetName=GND Pin=R9_M4-2
Added Pin To Net: NetName=GND Pin=R10-1
Added Pin To Net: NetName=GND Pin=R11-1
Added Pin To Net: NetName=GND Pin=R12_M1-1
Added Pin To Net: NetName=GND Pin=R12_M2-1
Added Pin To Net: NetName=GND Pin=R12_M3-1
Added Pin To Net: NetName=GND Pin=R12_M4-1
Added Pin To Net: NetName=GND Pin=R14_M1-1
Added Pin To Net: NetName=GND Pin=R14_M2-1
Added Pin To Net: NetName=GND Pin=R14_M3-1
Added Pin To Net: NetName=GND Pin=R14_M4-1
Added Pin To Net: NetName=GND Pin=R18_M1-1
Added Pin To Net: NetName=GND Pin=R18_M2-1
Added Pin To Net: NetName=GND Pin=R18_M3-1
Added Pin To Net: NetName=GND Pin=R18_M4-1
Added Pin To Net: NetName=GND Pin=R19_M1-1
Added Pin To Net: NetName=GND Pin=R19_M2-1
Added Pin To Net: NetName=GND Pin=R19_M3-1
Added Pin To Net: NetName=GND Pin=R19_M4-1
Added Pin To Net: NetName=GND Pin=SER-3
Added Pin To Net: NetName=GND Pin=U1-4
Added Pin To Net: NetName=GND Pin=U1-19
Added Pin To Net: NetName=GND Pin=U1-23
Added Pin To Net: NetName=GND Pin=U1-40
Added Pin To Net: NetName=GND Pin=U1-76
Added Pin To Net: NetName=GND Pin=U1-109
Added Pin To Net: NetName=GND Pin=U1-135
Added Pin To Net: NetName=GND Pin=U1_M1-8
Added Pin To Net: NetName=GND Pin=U1_M1-19
Added Pin To Net: NetName=GND Pin=U1_M1-27
Added Pin To Net: NetName=GND Pin=U1_M2-8
Added Pin To Net: NetName=GND Pin=U1_M2-19
Added Pin To Net: NetName=GND Pin=U1_M2-27
Added Pin To Net: NetName=GND Pin=U1_M3-8
Added Pin To Net: NetName=GND Pin=U1_M3-19
Added Pin To Net: NetName=GND Pin=U1_M3-27
Added Pin To Net: NetName=GND Pin=U1_M4-8
Added Pin To Net: NetName=GND Pin=U1_M4-19
Added Pin To Net: NetName=GND Pin=U1_M4-27
Added Pin To Net: NetName=GND Pin=U2-4
Added Pin To Net: NetName=GND Pin=U2_M1-2
Added Pin To Net: NetName=GND Pin=U2_M2-2
Added Pin To Net: NetName=GND Pin=U2_M3-2
Added Pin To Net: NetName=GND Pin=U2_M4-2
Added Pin To Net: NetName=GND Pin=U3-1
Added Pin To Net: NetName=GND Pin=U3-9
Added Pin To Net: NetName=GND Pin=U3-11
Added Pin To Net: NetName=GND Pin=U3-18
Added Pin To Net: NetName=GND Pin=U3_M1-3
Added Pin To Net: NetName=GND Pin=U3_M2-3
Added Pin To Net: NetName=GND Pin=U3_M3-3
Added Pin To Net: NetName=GND Pin=U3_M4-3
Added Pin To Net: NetName=GND Pin=U4-5
Added Pin To Net: NetName=GND Pin=U4_M1-3
Added Pin To Net: NetName=GND Pin=U4_M2-3
Added Pin To Net: NetName=GND Pin=U4_M3-3
Added Pin To Net: NetName=GND Pin=U4_M4-3
Added Pin To Net: NetName=GND Pin=U5-5
Added Pin To Net: NetName=GND Pin=U5_M1-3
Added Pin To Net: NetName=GND Pin=U5_M2-3
Added Pin To Net: NetName=GND Pin=U5_M3-3
Added Pin To Net: NetName=GND Pin=U5_M4-3
Added Pin To Net: NetName=GND Pin=U6-5
Added Pin To Net: NetName=GND Pin=USB1-5
Added Net: Name=GND
Added Pin To Net: NetName=M1_M1 Pin=P1_M1-1
Added Pin To Net: NetName=M1_M1 Pin=R4_M1-1
Added Pin To Net: NetName=M1_M1 Pin=T3_M1-3
Added Pin To Net: NetName=M1_M1 Pin=T3_M1-7
Added Pin To Net: NetName=M1_M1 Pin=T3_M1-8
Added Net: Name=M1_M1
Added Pin To Net: NetName=M1_M2 Pin=P1_M2-1
Added Pin To Net: NetName=M1_M2 Pin=R4_M2-1
Added Pin To Net: NetName=M1_M2 Pin=T3_M2-3
Added Pin To Net: NetName=M1_M2 Pin=T3_M2-7
Added Pin To Net: NetName=M1_M2 Pin=T3_M2-8
Added Net: Name=M1_M2
Added Pin To Net: NetName=M1_M3 Pin=P1_M3-1
Added Pin To Net: NetName=M1_M3 Pin=R4_M3-1
Added Pin To Net: NetName=M1_M3 Pin=T3_M3-3
Added Pin To Net: NetName=M1_M3 Pin=T3_M3-7
Added Pin To Net: NetName=M1_M3 Pin=T3_M3-8
Added Net: Name=M1_M3
Added Pin To Net: NetName=M1_M4 Pin=P1_M4-1
Added Pin To Net: NetName=M1_M4 Pin=R4_M4-1
Added Pin To Net: NetName=M1_M4 Pin=T3_M4-3
Added Pin To Net: NetName=M1_M4 Pin=T3_M4-7
Added Pin To Net: NetName=M1_M4 Pin=T3_M4-8
Added Net: Name=M1_M4
Added Pin To Net: NetName=M2_M1 Pin=P1_M1-2
Added Pin To Net: NetName=M2_M1 Pin=R5_M1-1
Added Pin To Net: NetName=M2_M1 Pin=T2_M1-3
Added Pin To Net: NetName=M2_M1 Pin=T2_M1-7
Added Pin To Net: NetName=M2_M1 Pin=T2_M1-8
Added Net: Name=M2_M1
Added Pin To Net: NetName=M2_M2 Pin=P1_M2-2
Added Pin To Net: NetName=M2_M2 Pin=R5_M2-1
Added Pin To Net: NetName=M2_M2 Pin=T2_M2-3
Added Pin To Net: NetName=M2_M2 Pin=T2_M2-7
Added Pin To Net: NetName=M2_M2 Pin=T2_M2-8
Added Net: Name=M2_M2
Added Pin To Net: NetName=M2_M3 Pin=P1_M3-2
Added Pin To Net: NetName=M2_M3 Pin=R5_M3-1
Added Pin To Net: NetName=M2_M3 Pin=T2_M3-3
Added Pin To Net: NetName=M2_M3 Pin=T2_M3-7
Added Pin To Net: NetName=M2_M3 Pin=T2_M3-8
Added Net: Name=M2_M3
Added Pin To Net: NetName=M2_M4 Pin=P1_M4-2
Added Pin To Net: NetName=M2_M4 Pin=R5_M4-1
Added Pin To Net: NetName=M2_M4 Pin=T2_M4-3
Added Pin To Net: NetName=M2_M4 Pin=T2_M4-7
Added Pin To Net: NetName=M2_M4 Pin=T2_M4-8
Added Net: Name=M2_M4
Added Pin To Net: NetName=M3_M1 Pin=P1_M1-3
Added Pin To Net: NetName=M3_M1 Pin=R6_M1-2
Added Pin To Net: NetName=M3_M1 Pin=T1_M1-3
Added Pin To Net: NetName=M3_M1 Pin=T1_M1-7
Added Pin To Net: NetName=M3_M1 Pin=T1_M1-8
Added Net: Name=M3_M1
Added Pin To Net: NetName=M3_M2 Pin=P1_M2-3
Added Pin To Net: NetName=M3_M2 Pin=R6_M2-2
Added Pin To Net: NetName=M3_M2 Pin=T1_M2-3
Added Pin To Net: NetName=M3_M2 Pin=T1_M2-7
Added Pin To Net: NetName=M3_M2 Pin=T1_M2-8
Added Net: Name=M3_M2
Added Pin To Net: NetName=M3_M3 Pin=P1_M3-3
Added Pin To Net: NetName=M3_M3 Pin=R6_M3-2
Added Pin To Net: NetName=M3_M3 Pin=T1_M3-3
Added Pin To Net: NetName=M3_M3 Pin=T1_M3-7
Added Pin To Net: NetName=M3_M3 Pin=T1_M3-8
Added Net: Name=M3_M3
Added Pin To Net: NetName=M3_M4 Pin=P1_M4-3
Added Pin To Net: NetName=M3_M4 Pin=R6_M4-2
Added Pin To Net: NetName=M3_M4 Pin=T1_M4-3
Added Pin To Net: NetName=M3_M4 Pin=T1_M4-7
Added Pin To Net: NetName=M3_M4 Pin=T1_M4-8
Added Net: Name=M3_M4
Added Pin To Net: NetName=MOTOR_CURRENT_M1 Pin=C7_M1-2
Added Pin To Net: NetName=MOTOR_CURRENT_M1 Pin=R17_M1-2
Added Pin To Net: NetName=MOTOR_CURRENT_M1 Pin=U1_M1-4
Added Net: Name=MOTOR_CURRENT_M1
Added Pin To Net: NetName=MOTOR_CURRENT_M2 Pin=C7_M2-2
Added Pin To Net: NetName=MOTOR_CURRENT_M2 Pin=R17_M2-2
Added Pin To Net: NetName=MOTOR_CURRENT_M2 Pin=U1_M2-4
Added Net: Name=MOTOR_CURRENT_M2
Added Pin To Net: NetName=MOTOR_CURRENT_M3 Pin=C7_M3-2
Added Pin To Net: NetName=MOTOR_CURRENT_M3 Pin=R17_M3-2
Added Pin To Net: NetName=MOTOR_CURRENT_M3 Pin=U1_M3-4
Added Net: Name=MOTOR_CURRENT_M3
Added Pin To Net: NetName=MOTOR_CURRENT_M4 Pin=C7_M4-2
Added Pin To Net: NetName=MOTOR_CURRENT_M4 Pin=R17_M4-2
Added Pin To Net: NetName=MOTOR_CURRENT_M4 Pin=U1_M4-4
Added Net: Name=MOTOR_CURRENT_M4
Added Pin To Net: NetName=NetC1_2 Pin=C1-2
Added Pin To Net: NetName=NetC1_2 Pin=U3-10
Added Net: Name=NetC1_2
Added Pin To Net: NetName=NetC3_1 Pin=C3-1
Added Pin To Net: NetName=NetC3_1 Pin=U3-20
Added Net: Name=NetC3_1
Added Pin To Net: NetName=NetC8_M1_2 Pin=C8_M1-2
Added Pin To Net: NetName=NetC8_M1_2 Pin=R15_M1-2
Added Pin To Net: NetName=NetC8_M1_2 Pin=R16_M1-1
Added Net: Name=NetC8_M1_2
Added Pin To Net: NetName=NetC8_M2_2 Pin=C8_M2-2
Added Pin To Net: NetName=NetC8_M2_2 Pin=R15_M2-2
Added Pin To Net: NetName=NetC8_M2_2 Pin=R16_M2-1
Added Net: Name=NetC8_M2_2
Added Pin To Net: NetName=NetC8_M3_2 Pin=C8_M3-2
Added Pin To Net: NetName=NetC8_M3_2 Pin=R15_M3-2
Added Pin To Net: NetName=NetC8_M3_2 Pin=R16_M3-1
Added Net: Name=NetC8_M3_2
Added Pin To Net: NetName=NetC8_M4_2 Pin=C8_M4-2
Added Pin To Net: NetName=NetC8_M4_2 Pin=R15_M4-2
Added Pin To Net: NetName=NetC8_M4_2 Pin=R16_M4-1
Added Net: Name=NetC8_M4_2
Added Pin To Net: NetName=NetC9_M1_2 Pin=C9_M1-2
Added Pin To Net: NetName=NetC9_M1_2 Pin=U1_M1-20
Added Net: Name=NetC9_M1_2
Added Pin To Net: NetName=NetC9_M2_2 Pin=C9_M2-2
Added Pin To Net: NetName=NetC9_M2_2 Pin=U1_M2-20
Added Net: Name=NetC9_M2_2
Added Pin To Net: NetName=NetC9_M3_2 Pin=C9_M3-2
Added Pin To Net: NetName=NetC9_M3_2 Pin=U1_M3-20
Added Net: Name=NetC9_M3_2
Added Pin To Net: NetName=NetC9_M4_2 Pin=C9_M4-2
Added Pin To Net: NetName=NetC9_M4_2 Pin=U1_M4-20
Added Net: Name=NetC9_M4_2
Added Pin To Net: NetName=NetD1_2 Pin=D1-2
Added Pin To Net: NetName=NetD1_2 Pin=R2-1
Added Net: Name=NetD1_2
Added Pin To Net: NetName=NetD1_M1_2 Pin=D1_M1-2
Added Pin To Net: NetName=NetD1_M1_2 Pin=R11_M1-1
Added Net: Name=NetD1_M1_2
Added Pin To Net: NetName=NetD1_M2_2 Pin=D1_M2-2
Added Pin To Net: NetName=NetD1_M2_2 Pin=R11_M2-1
Added Net: Name=NetD1_M2_2
Added Pin To Net: NetName=NetD1_M3_2 Pin=D1_M3-2
Added Pin To Net: NetName=NetD1_M3_2 Pin=R11_M3-1
Added Net: Name=NetD1_M3_2
Added Pin To Net: NetName=NetD1_M4_2 Pin=D1_M4-2
Added Pin To Net: NetName=NetD1_M4_2 Pin=R11_M4-1
Added Net: Name=NetD1_M4_2
Added Pin To Net: NetName=NetD2_2 Pin=D2-2
Added Pin To Net: NetName=NetD2_2 Pin=R1-1
Added Net: Name=NetD2_2
Added Pin To Net: NetName=NetD2_M1_2 Pin=D2_M1-2
Added Pin To Net: NetName=NetD2_M1_2 Pin=R10_M1-1
Added Net: Name=NetD2_M1_2
Added Pin To Net: NetName=NetD2_M2_2 Pin=D2_M2-2
Added Pin To Net: NetName=NetD2_M2_2 Pin=R10_M2-1
Added Net: Name=NetD2_M2_2
Added Pin To Net: NetName=NetD2_M3_2 Pin=D2_M3-2
Added Pin To Net: NetName=NetD2_M3_2 Pin=R10_M3-1
Added Net: Name=NetD2_M3_2
Added Pin To Net: NetName=NetD2_M4_2 Pin=D2_M4-2
Added Pin To Net: NetName=NetD2_M4_2 Pin=R10_M4-1
Added Net: Name=NetD2_M4_2
Added Pin To Net: NetName=NetR1_2 Pin=R1-2
Added Pin To Net: NetName=NetR1_2 Pin=U1-34
Added Net: Name=NetR1_2
Added Pin To Net: NetName=NetR1_M1_1 Pin=R1_M1-1
Added Pin To Net: NetName=NetR1_M1_1 Pin=U1_M1-5
Added Net: Name=NetR1_M1_1
Added Pin To Net: NetName=NetR1_M1_2 Pin=R1_M1-2
Added Pin To Net: NetName=NetR1_M1_2 Pin=R4_M1-2
Added Pin To Net: NetName=NetR1_M1_2 Pin=R7_M1-1
Added Net: Name=NetR1_M1_2
Added Pin To Net: NetName=NetR1_M2_1 Pin=R1_M2-1
Added Pin To Net: NetName=NetR1_M2_1 Pin=U1_M2-5
Added Net: Name=NetR1_M2_1
Added Pin To Net: NetName=NetR1_M2_2 Pin=R1_M2-2
Added Pin To Net: NetName=NetR1_M2_2 Pin=R4_M2-2
Added Pin To Net: NetName=NetR1_M2_2 Pin=R7_M2-1
Added Net: Name=NetR1_M2_2
Added Pin To Net: NetName=NetR1_M3_1 Pin=R1_M3-1
Added Pin To Net: NetName=NetR1_M3_1 Pin=U1_M3-5
Added Net: Name=NetR1_M3_1
Added Pin To Net: NetName=NetR1_M3_2 Pin=R1_M3-2
Added Pin To Net: NetName=NetR1_M3_2 Pin=R4_M3-2
Added Pin To Net: NetName=NetR1_M3_2 Pin=R7_M3-1
Added Net: Name=NetR1_M3_2
Added Pin To Net: NetName=NetR1_M4_1 Pin=R1_M4-1
Added Pin To Net: NetName=NetR1_M4_1 Pin=U1_M4-5
Added Net: Name=NetR1_M4_1
Added Pin To Net: NetName=NetR1_M4_2 Pin=R1_M4-2
Added Pin To Net: NetName=NetR1_M4_2 Pin=R4_M4-2
Added Pin To Net: NetName=NetR1_M4_2 Pin=R7_M4-1
Added Net: Name=NetR1_M4_2
Added Pin To Net: NetName=NetR2_2 Pin=R2-2
Added Pin To Net: NetName=NetR2_2 Pin=U1-32
Added Net: Name=NetR2_2
Added Pin To Net: NetName=NetR2_M1_1 Pin=R2_M1-1
Added Pin To Net: NetName=NetR2_M1_1 Pin=U1_M1-6
Added Net: Name=NetR2_M1_1
Added Pin To Net: NetName=NetR2_M1_2 Pin=R2_M1-2
Added Pin To Net: NetName=NetR2_M1_2 Pin=R5_M1-2
Added Pin To Net: NetName=NetR2_M1_2 Pin=R8_M1-1
Added Net: Name=NetR2_M1_2
Added Pin To Net: NetName=NetR2_M2_1 Pin=R2_M2-1
Added Pin To Net: NetName=NetR2_M2_1 Pin=U1_M2-6
Added Net: Name=NetR2_M2_1
Added Pin To Net: NetName=NetR2_M2_2 Pin=R2_M2-2
Added Pin To Net: NetName=NetR2_M2_2 Pin=R5_M2-2
Added Pin To Net: NetName=NetR2_M2_2 Pin=R8_M2-1
Added Net: Name=NetR2_M2_2
Added Pin To Net: NetName=NetR2_M3_1 Pin=R2_M3-1
Added Pin To Net: NetName=NetR2_M3_1 Pin=U1_M3-6
Added Net: Name=NetR2_M3_1
Added Pin To Net: NetName=NetR2_M3_2 Pin=R2_M3-2
Added Pin To Net: NetName=NetR2_M3_2 Pin=R5_M3-2
Added Pin To Net: NetName=NetR2_M3_2 Pin=R8_M3-1
Added Net: Name=NetR2_M3_2
Added Pin To Net: NetName=NetR2_M4_1 Pin=R2_M4-1
Added Pin To Net: NetName=NetR2_M4_1 Pin=U1_M4-6
Added Net: Name=NetR2_M4_1
Added Pin To Net: NetName=NetR2_M4_2 Pin=R2_M4-2
Added Pin To Net: NetName=NetR2_M4_2 Pin=R5_M4-2
Added Pin To Net: NetName=NetR2_M4_2 Pin=R8_M4-1
Added Net: Name=NetR2_M4_2
Added Pin To Net: NetName=NetR3_2 Pin=R3-2
Added Pin To Net: NetName=NetR3_2 Pin=R4-2
Added Pin To Net: NetName=NetR3_2 Pin=R5-2
Added Net: Name=NetR3_2
Added Pin To Net: NetName=NetR3_M1_1 Pin=R3_M1-1
Added Pin To Net: NetName=NetR3_M1_1 Pin=U1_M1-7
Added Net: Name=NetR3_M1_1
Added Pin To Net: NetName=NetR3_M1_2 Pin=R3_M1-2
Added Pin To Net: NetName=NetR3_M1_2 Pin=R6_M1-1
Added Pin To Net: NetName=NetR3_M1_2 Pin=R9_M1-1
Added Net: Name=NetR3_M1_2
Added Pin To Net: NetName=NetR3_M2_1 Pin=R3_M2-1
Added Pin To Net: NetName=NetR3_M2_1 Pin=U1_M2-7
Added Net: Name=NetR3_M2_1
Added Pin To Net: NetName=NetR3_M2_2 Pin=R3_M2-2
Added Pin To Net: NetName=NetR3_M2_2 Pin=R6_M2-1
Added Pin To Net: NetName=NetR3_M2_2 Pin=R9_M2-1
Added Net: Name=NetR3_M2_2
Added Pin To Net: NetName=NetR3_M3_1 Pin=R3_M3-1
Added Pin To Net: NetName=NetR3_M3_1 Pin=U1_M3-7
Added Net: Name=NetR3_M3_1
Added Pin To Net: NetName=NetR3_M3_2 Pin=R3_M3-2
Added Pin To Net: NetName=NetR3_M3_2 Pin=R6_M3-1
Added Pin To Net: NetName=NetR3_M3_2 Pin=R9_M3-1
Added Net: Name=NetR3_M3_2
Added Pin To Net: NetName=NetR3_M4_1 Pin=R3_M4-1
Added Pin To Net: NetName=NetR3_M4_1 Pin=U1_M4-7
Added Net: Name=NetR3_M4_1
Added Pin To Net: NetName=NetR3_M4_2 Pin=R3_M4-2
Added Pin To Net: NetName=NetR3_M4_2 Pin=R6_M4-1
Added Pin To Net: NetName=NetR3_M4_2 Pin=R9_M4-1
Added Net: Name=NetR3_M4_2
Added Pin To Net: NetName=NetR5_1 Pin=R5-1
Added Pin To Net: NetName=NetR5_1 Pin=U1-2
Added Net: Name=NetR5_1
Added Pin To Net: NetName=NetR6_2 Pin=R6-2
Added Pin To Net: NetName=NetR6_2 Pin=U1-42
Added Net: Name=NetR6_2
Added Pin To Net: NetName=NetR7_2 Pin=R7-2
Added Pin To Net: NetName=NetR7_2 Pin=U1-43
Added Net: Name=NetR7_2
Added Pin To Net: NetName=NetR8_2 Pin=R8-2
Added Pin To Net: NetName=NetR8_2 Pin=U1-98
Added Net: Name=NetR8_2
Added Pin To Net: NetName=NetR9_2 Pin=R9-2
Added Pin To Net: NetName=NetR9_2 Pin=U1-102
Added Net: Name=NetR9_2
Added Pin To Net: NetName=NetR10_M1_2 Pin=R10_M1-2
Added Pin To Net: NetName=NetR10_M1_2 Pin=U1_M1-2
Added Net: Name=NetR10_M1_2
Added Pin To Net: NetName=NetR10_M2_2 Pin=R10_M2-2
Added Pin To Net: NetName=NetR10_M2_2 Pin=U1_M2-2
Added Net: Name=NetR10_M2_2
Added Pin To Net: NetName=NetR10_M3_2 Pin=R10_M3-2
Added Pin To Net: NetName=NetR10_M3_2 Pin=U1_M3-2
Added Net: Name=NetR10_M3_2
Added Pin To Net: NetName=NetR10_M4_2 Pin=R10_M4-2
Added Pin To Net: NetName=NetR10_M4_2 Pin=U1_M4-2
Added Net: Name=NetR10_M4_2
Added Pin To Net: NetName=NetR11_2 Pin=R11-2
Added Pin To Net: NetName=NetR11_2 Pin=U1-62
Added Pin To Net: NetName=NetR11_2 Pin=U6-1
Added Net: Name=NetR11_2
Added Pin To Net: NetName=NetR11_M1_2 Pin=R11_M1-2
Added Pin To Net: NetName=NetR11_M1_2 Pin=U1_M1-3
Added Net: Name=NetR11_M1_2
Added Pin To Net: NetName=NetR11_M2_2 Pin=R11_M2-2
Added Pin To Net: NetName=NetR11_M2_2 Pin=U1_M2-3
Added Net: Name=NetR11_M2_2
Added Pin To Net: NetName=NetR11_M3_2 Pin=R11_M3-2
Added Pin To Net: NetName=NetR11_M3_2 Pin=U1_M3-3
Added Net: Name=NetR11_M3_2
Added Pin To Net: NetName=NetR11_M4_2 Pin=R11_M4-2
Added Pin To Net: NetName=NetR11_M4_2 Pin=U1_M4-3
Added Net: Name=NetR11_M4_2
Added Pin To Net: NetName=NetR12_M1_2 Pin=R12_M1-2
Added Pin To Net: NetName=NetR12_M1_2 Pin=R15_M1-1
Added Pin To Net: NetName=NetR12_M1_2 Pin=T1_M1-1
Added Pin To Net: NetName=NetR12_M1_2 Pin=T2_M1-1
Added Pin To Net: NetName=NetR12_M1_2 Pin=T3_M1-1
Added Net: Name=NetR12_M1_2
Added Pin To Net: NetName=NetR12_M2_2 Pin=R12_M2-2
Added Pin To Net: NetName=NetR12_M2_2 Pin=R15_M2-1
Added Pin To Net: NetName=NetR12_M2_2 Pin=T1_M2-1
Added Pin To Net: NetName=NetR12_M2_2 Pin=T2_M2-1
Added Pin To Net: NetName=NetR12_M2_2 Pin=T3_M2-1
Added Net: Name=NetR12_M2_2
Added Pin To Net: NetName=NetR12_M3_2 Pin=R12_M3-2
Added Pin To Net: NetName=NetR12_M3_2 Pin=R15_M3-1
Added Pin To Net: NetName=NetR12_M3_2 Pin=T1_M3-1
Added Pin To Net: NetName=NetR12_M3_2 Pin=T2_M3-1
Added Pin To Net: NetName=NetR12_M3_2 Pin=T3_M3-1
Added Net: Name=NetR12_M3_2
Added Pin To Net: NetName=NetR12_M4_2 Pin=R12_M4-2
Added Pin To Net: NetName=NetR12_M4_2 Pin=R15_M4-1
Added Pin To Net: NetName=NetR12_M4_2 Pin=T1_M4-1
Added Pin To Net: NetName=NetR12_M4_2 Pin=T2_M4-1
Added Pin To Net: NetName=NetR12_M4_2 Pin=T3_M4-1
Added Net: Name=NetR12_M4_2
Added Pin To Net: NetName=NetR13_M1_1 Pin=R13_M1-1
Added Pin To Net: NetName=NetR13_M1_1 Pin=R14_M1-2
Added Pin To Net: NetName=NetR13_M1_1 Pin=U2_M1-4
Added Net: Name=NetR13_M1_1
Added Pin To Net: NetName=NetR13_M1_2 Pin=R13_M1-2
Added Pin To Net: NetName=NetR13_M1_2 Pin=R17_M1-1
Added Pin To Net: NetName=NetR13_M1_2 Pin=U2_M1-1
Added Net: Name=NetR13_M1_2
Added Pin To Net: NetName=NetR13_M2_1 Pin=R13_M2-1
Added Pin To Net: NetName=NetR13_M2_1 Pin=R14_M2-2
Added Pin To Net: NetName=NetR13_M2_1 Pin=U2_M2-4
Added Net: Name=NetR13_M2_1
Added Pin To Net: NetName=NetR13_M2_2 Pin=R13_M2-2
Added Pin To Net: NetName=NetR13_M2_2 Pin=R17_M2-1
Added Pin To Net: NetName=NetR13_M2_2 Pin=U2_M2-1
Added Net: Name=NetR13_M2_2
Added Pin To Net: NetName=NetR13_M3_1 Pin=R13_M3-1
Added Pin To Net: NetName=NetR13_M3_1 Pin=R14_M3-2
Added Pin To Net: NetName=NetR13_M3_1 Pin=U2_M3-4
Added Net: Name=NetR13_M3_1
Added Pin To Net: NetName=NetR13_M3_2 Pin=R13_M3-2
Added Pin To Net: NetName=NetR13_M3_2 Pin=R17_M3-1
Added Pin To Net: NetName=NetR13_M3_2 Pin=U2_M3-1
Added Net: Name=NetR13_M3_2
Added Pin To Net: NetName=NetR13_M4_1 Pin=R13_M4-1
Added Pin To Net: NetName=NetR13_M4_1 Pin=R14_M4-2
Added Pin To Net: NetName=NetR13_M4_1 Pin=U2_M4-4
Added Net: Name=NetR13_M4_1
Added Pin To Net: NetName=NetR13_M4_2 Pin=R13_M4-2
Added Pin To Net: NetName=NetR13_M4_2 Pin=R17_M4-1
Added Pin To Net: NetName=NetR13_M4_2 Pin=U2_M4-1
Added Net: Name=NetR13_M4_2
Added Pin To Net: NetName=NetR16_M1_2 Pin=R16_M1-2
Added Pin To Net: NetName=NetR16_M1_2 Pin=U2_M1-3
Added Net: Name=NetR16_M1_2
Added Pin To Net: NetName=NetR16_M2_2 Pin=R16_M2-2
Added Pin To Net: NetName=NetR16_M2_2 Pin=U2_M2-3
Added Net: Name=NetR16_M2_2
Added Pin To Net: NetName=NetR16_M3_2 Pin=R16_M3-2
Added Pin To Net: NetName=NetR16_M3_2 Pin=U2_M3-3
Added Net: Name=NetR16_M3_2
Added Pin To Net: NetName=NetR16_M4_2 Pin=R16_M4-2
Added Pin To Net: NetName=NetR16_M4_2 Pin=U2_M4-3
Added Net: Name=NetR16_M4_2
Added Pin To Net: NetName=NetR20_M1_2 Pin=R20_M1-2
Added Pin To Net: NetName=NetR20_M1_2 Pin=U1-52
Added Pin To Net: NetName=NetR20_M1_2 Pin=U1_M1-1
Added Net: Name=NetR20_M1_2
Added Pin To Net: NetName=NetR20_M2_2 Pin=R20_M2-2
Added Pin To Net: NetName=NetR20_M2_2 Pin=U1-56
Added Pin To Net: NetName=NetR20_M2_2 Pin=U1_M2-1
Added Net: Name=NetR20_M2_2
Added Pin To Net: NetName=NetR20_M3_2 Pin=R20_M3-2
Added Pin To Net: NetName=NetR20_M3_2 Pin=U1-53
Added Pin To Net: NetName=NetR20_M3_2 Pin=U1_M3-1
Added Net: Name=NetR20_M3_2
Added Pin To Net: NetName=NetR20_M4_2 Pin=R20_M4-2
Added Pin To Net: NetName=NetR20_M4_2 Pin=U1-55
Added Pin To Net: NetName=NetR20_M4_2 Pin=U1_M4-1
Added Net: Name=NetR20_M4_2
Added Pin To Net: NetName=NetSER_1 Pin=SER-1
Added Pin To Net: NetName=NetSER_1 Pin=U1-75
Added Net: Name=NetSER_1
Added Pin To Net: NetName=NetSER_2 Pin=SER-2
Added Pin To Net: NetName=NetSER_2 Pin=U1-81
Added Net: Name=NetSER_2
Added Pin To Net: NetName=NetT1_M1_2 Pin=T1_M1-2
Added Pin To Net: NetName=NetT1_M1_2 Pin=U3_M1-5
Added Net: Name=NetT1_M1_2
Added Pin To Net: NetName=NetT1_M1_4 Pin=T1_M1-4
Added Pin To Net: NetName=NetT1_M1_4 Pin=U3_M1-7
Added Net: Name=NetT1_M1_4
Added Pin To Net: NetName=NetT1_M2_2 Pin=T1_M2-2
Added Pin To Net: NetName=NetT1_M2_2 Pin=U3_M2-5
Added Net: Name=NetT1_M2_2
Added Pin To Net: NetName=NetT1_M2_4 Pin=T1_M2-4
Added Pin To Net: NetName=NetT1_M2_4 Pin=U3_M2-7
Added Net: Name=NetT1_M2_4
Added Pin To Net: NetName=NetT1_M3_2 Pin=T1_M3-2
Added Pin To Net: NetName=NetT1_M3_2 Pin=U3_M3-5
Added Net: Name=NetT1_M3_2
Added Pin To Net: NetName=NetT1_M3_4 Pin=T1_M3-4
Added Pin To Net: NetName=NetT1_M3_4 Pin=U3_M3-7
Added Net: Name=NetT1_M3_4
Added Pin To Net: NetName=NetT1_M4_2 Pin=T1_M4-2
Added Pin To Net: NetName=NetT1_M4_2 Pin=U3_M4-5
Added Net: Name=NetT1_M4_2
Added Pin To Net: NetName=NetT1_M4_4 Pin=T1_M4-4
Added Pin To Net: NetName=NetT1_M4_4 Pin=U3_M4-7
Added Net: Name=NetT1_M4_4
Added Pin To Net: NetName=NetT2_M1_2 Pin=T2_M1-2
Added Pin To Net: NetName=NetT2_M1_2 Pin=U4_M1-5
Added Net: Name=NetT2_M1_2
Added Pin To Net: NetName=NetT2_M1_4 Pin=T2_M1-4
Added Pin To Net: NetName=NetT2_M1_4 Pin=U4_M1-7
Added Net: Name=NetT2_M1_4
Added Pin To Net: NetName=NetT2_M2_2 Pin=T2_M2-2
Added Pin To Net: NetName=NetT2_M2_2 Pin=U4_M2-5
Added Net: Name=NetT2_M2_2
Added Pin To Net: NetName=NetT2_M2_4 Pin=T2_M2-4
Added Pin To Net: NetName=NetT2_M2_4 Pin=U4_M2-7
Added Net: Name=NetT2_M2_4
Added Pin To Net: NetName=NetT2_M3_2 Pin=T2_M3-2
Added Pin To Net: NetName=NetT2_M3_2 Pin=U4_M3-5
Added Net: Name=NetT2_M3_2
Added Pin To Net: NetName=NetT2_M3_4 Pin=T2_M3-4
Added Pin To Net: NetName=NetT2_M3_4 Pin=U4_M3-7
Added Net: Name=NetT2_M3_4
Added Pin To Net: NetName=NetT2_M4_2 Pin=T2_M4-2
Added Pin To Net: NetName=NetT2_M4_2 Pin=U4_M4-5
Added Net: Name=NetT2_M4_2
Added Pin To Net: NetName=NetT2_M4_4 Pin=T2_M4-4
Added Pin To Net: NetName=NetT2_M4_4 Pin=U4_M4-7
Added Net: Name=NetT2_M4_4
Added Pin To Net: NetName=NetT3_M1_2 Pin=T3_M1-2
Added Pin To Net: NetName=NetT3_M1_2 Pin=U5_M1-5
Added Net: Name=NetT3_M1_2
Added Pin To Net: NetName=NetT3_M1_4 Pin=T3_M1-4
Added Pin To Net: NetName=NetT3_M1_4 Pin=U5_M1-7
Added Net: Name=NetT3_M1_4
Added Pin To Net: NetName=NetT3_M2_2 Pin=T3_M2-2
Added Pin To Net: NetName=NetT3_M2_2 Pin=U5_M2-5
Added Net: Name=NetT3_M2_2
Added Pin To Net: NetName=NetT3_M2_4 Pin=T3_M2-4
Added Pin To Net: NetName=NetT3_M2_4 Pin=U5_M2-7
Added Net: Name=NetT3_M2_4
Added Pin To Net: NetName=NetT3_M3_2 Pin=T3_M3-2
Added Pin To Net: NetName=NetT3_M3_2 Pin=U5_M3-5
Added Net: Name=NetT3_M3_2
Added Pin To Net: NetName=NetT3_M3_4 Pin=T3_M3-4
Added Pin To Net: NetName=NetT3_M3_4 Pin=U5_M3-7
Added Net: Name=NetT3_M3_4
Added Pin To Net: NetName=NetT3_M4_2 Pin=T3_M4-2
Added Pin To Net: NetName=NetT3_M4_2 Pin=U5_M4-5
Added Net: Name=NetT3_M4_2
Added Pin To Net: NetName=NetT3_M4_4 Pin=T3_M4-4
Added Pin To Net: NetName=NetT3_M4_4 Pin=U5_M4-7
Added Net: Name=NetT3_M4_4
Added Pin To Net: NetName=NetU1_18 Pin=U1-18
Added Pin To Net: NetName=NetU1_18 Pin=USB1-3
Added Net: Name=NetU1_18
Added Pin To Net: NetName=NetU1_20 Pin=U1-20
Added Pin To Net: NetName=NetU1_20 Pin=USB1-2
Added Net: Name=NetU1_20
Added Pin To Net: NetName=NetU1_22 Pin=U1-22
Added Pin To Net: NetName=NetU1_22 Pin=USB1-4
Added Net: Name=NetU1_22
Added Pin To Net: NetName=NetU1_50 Pin=U1-50
Added Pin To Net: NetName=NetU1_50 Pin=U1_M1-11
Added Pin To Net: NetName=NetU1_50 Pin=U1_M2-11
Added Pin To Net: NetName=NetU1_50 Pin=U1_M3-11
Added Pin To Net: NetName=NetU1_50 Pin=U1_M4-11
Added Net: Name=NetU1_50
Added Pin To Net: NetName=NetU1_51 Pin=U1-51
Added Pin To Net: NetName=NetU1_51 Pin=U1_M1-12
Added Pin To Net: NetName=NetU1_51 Pin=U1_M2-12
Added Pin To Net: NetName=NetU1_51 Pin=U1_M3-12
Added Pin To Net: NetName=NetU1_51 Pin=U1_M4-12
Added Net: Name=NetU1_51
Added Pin To Net: NetName=NetU1_87 Pin=U1-87
Added Pin To Net: NetName=NetU1_87 Pin=U3-24
Added Net: Name=NetU1_87
Added Pin To Net: NetName=NetU1_88 Pin=U1-88
Added Pin To Net: NetName=NetU1_88 Pin=U3-23
Added Net: Name=NetU1_88
Added Pin To Net: NetName=NetU1_92 Pin=U1-92
Added Pin To Net: NetName=NetU1_92 Pin=U1_M1-17
Added Pin To Net: NetName=NetU1_92 Pin=U1_M2-17
Added Pin To Net: NetName=NetU1_92 Pin=U1_M3-17
Added Pin To Net: NetName=NetU1_92 Pin=U1_M4-17
Added Net: Name=NetU1_92
Added Pin To Net: NetName=NetU1_93 Pin=U1-93
Added Pin To Net: NetName=NetU1_93 Pin=U1_M1-18
Added Pin To Net: NetName=NetU1_93 Pin=U1_M2-18
Added Pin To Net: NetName=NetU1_93 Pin=U1_M3-18
Added Pin To Net: NetName=NetU1_93 Pin=U1_M4-18
Added Net: Name=NetU1_93
Added Pin To Net: NetName=NetU1_118 Pin=U1-118
Added Pin To Net: NetName=NetU1_118 Pin=U2-7
Added Net: Name=NetU1_118
Added Pin To Net: NetName=NetU1_119 Pin=U1-119
Added Pin To Net: NetName=NetU1_119 Pin=U2-6
Added Net: Name=NetU1_119
Added Pin To Net: NetName=NetU1_121 Pin=U1-121
Added Pin To Net: NetName=NetU1_121 Pin=U2-3
Added Net: Name=NetU1_121
Added Pin To Net: NetName=NetU1_122 Pin=U1-122
Added Pin To Net: NetName=NetU1_122 Pin=U2-2
Added Net: Name=NetU1_122
Added Pin To Net: NetName=NetU1_123 Pin=U1-123
Added Pin To Net: NetName=NetU1_123 Pin=U2-8
Added Net: Name=NetU1_123
Added Pin To Net: NetName=NetU1_124 Pin=U1-124
Added Pin To Net: NetName=NetU1_124 Pin=U2-1
Added Net: Name=NetU1_124
Added Pin To Net: NetName=NetU1_130 Pin=U1-130
Added Pin To Net: NetName=NetU1_130 Pin=U3-12
Added Net: Name=NetU1_130
Added Pin To Net: NetName=NetU1_M1_21 Pin=U1_M1-21
Added Pin To Net: NetName=NetU1_M1_21 Pin=U5_M1-2
Added Net: Name=NetU1_M1_21
Added Pin To Net: NetName=NetU1_M1_22 Pin=U1_M1-22
Added Pin To Net: NetName=NetU1_M1_22 Pin=U5_M1-4
Added Net: Name=NetU1_M1_22
Added Pin To Net: NetName=NetU1_M1_23 Pin=U1_M1-23
Added Pin To Net: NetName=NetU1_M1_23 Pin=U4_M1-2
Added Net: Name=NetU1_M1_23
Added Pin To Net: NetName=NetU1_M1_24 Pin=U1_M1-24
Added Pin To Net: NetName=NetU1_M1_24 Pin=U4_M1-4
Added Net: Name=NetU1_M1_24
Added Pin To Net: NetName=NetU1_M1_25 Pin=U1_M1-25
Added Pin To Net: NetName=NetU1_M1_25 Pin=U3_M1-2
Added Net: Name=NetU1_M1_25
Added Pin To Net: NetName=NetU1_M1_26 Pin=U1_M1-26
Added Pin To Net: NetName=NetU1_M1_26 Pin=U3_M1-4
Added Net: Name=NetU1_M1_26
Added Pin To Net: NetName=NetU1_M2_21 Pin=U1_M2-21
Added Pin To Net: NetName=NetU1_M2_21 Pin=U5_M2-2
Added Net: Name=NetU1_M2_21
Added Pin To Net: NetName=NetU1_M2_22 Pin=U1_M2-22
Added Pin To Net: NetName=NetU1_M2_22 Pin=U5_M2-4
Added Net: Name=NetU1_M2_22
Added Pin To Net: NetName=NetU1_M2_23 Pin=U1_M2-23
Added Pin To Net: NetName=NetU1_M2_23 Pin=U4_M2-2
Added Net: Name=NetU1_M2_23
Added Pin To Net: NetName=NetU1_M2_24 Pin=U1_M2-24
Added Pin To Net: NetName=NetU1_M2_24 Pin=U4_M2-4
Added Net: Name=NetU1_M2_24
Added Pin To Net: NetName=NetU1_M2_25 Pin=U1_M2-25
Added Pin To Net: NetName=NetU1_M2_25 Pin=U3_M2-2
Added Net: Name=NetU1_M2_25
Added Pin To Net: NetName=NetU1_M2_26 Pin=U1_M2-26
Added Pin To Net: NetName=NetU1_M2_26 Pin=U3_M2-4
Added Net: Name=NetU1_M2_26
Added Pin To Net: NetName=NetU1_M3_21 Pin=U1_M3-21
Added Pin To Net: NetName=NetU1_M3_21 Pin=U5_M3-2
Added Net: Name=NetU1_M3_21
Added Pin To Net: NetName=NetU1_M3_22 Pin=U1_M3-22
Added Pin To Net: NetName=NetU1_M3_22 Pin=U5_M3-4
Added Net: Name=NetU1_M3_22
Added Pin To Net: NetName=NetU1_M3_23 Pin=U1_M3-23
Added Pin To Net: NetName=NetU1_M3_23 Pin=U4_M3-2
Added Net: Name=NetU1_M3_23
Added Pin To Net: NetName=NetU1_M3_24 Pin=U1_M3-24
Added Pin To Net: NetName=NetU1_M3_24 Pin=U4_M3-4
Added Net: Name=NetU1_M3_24
Added Pin To Net: NetName=NetU1_M3_25 Pin=U1_M3-25
Added Pin To Net: NetName=NetU1_M3_25 Pin=U3_M3-2
Added Net: Name=NetU1_M3_25
Added Pin To Net: NetName=NetU1_M3_26 Pin=U1_M3-26
Added Pin To Net: NetName=NetU1_M3_26 Pin=U3_M3-4
Added Net: Name=NetU1_M3_26
Added Pin To Net: NetName=NetU1_M4_21 Pin=U1_M4-21
Added Pin To Net: NetName=NetU1_M4_21 Pin=U5_M4-2
Added Net: Name=NetU1_M4_21
Added Pin To Net: NetName=NetU1_M4_22 Pin=U1_M4-22
Added Pin To Net: NetName=NetU1_M4_22 Pin=U5_M4-4
Added Net: Name=NetU1_M4_22
Added Pin To Net: NetName=NetU1_M4_23 Pin=U1_M4-23
Added Pin To Net: NetName=NetU1_M4_23 Pin=U4_M4-2
Added Net: Name=NetU1_M4_23
Added Pin To Net: NetName=NetU1_M4_24 Pin=U1_M4-24
Added Pin To Net: NetName=NetU1_M4_24 Pin=U4_M4-4
Added Net: Name=NetU1_M4_24
Added Pin To Net: NetName=NetU1_M4_25 Pin=U1_M4-25
Added Pin To Net: NetName=NetU1_M4_25 Pin=U3_M4-2
Added Net: Name=NetU1_M4_25
Added Pin To Net: NetName=NetU1_M4_26 Pin=U1_M4-26
Added Pin To Net: NetName=NetU1_M4_26 Pin=U3_M4-4
Added Net: Name=NetU1_M4_26
Added Pin To Net: NetName=USB0_VBUS Pin=R8-1
Added Pin To Net: NetName=USB0_VBUS Pin=R10-2
Added Pin To Net: NetName=USB0_VBUS Pin=U1-21
Added Pin To Net: NetName=USB0_VBUS Pin=USB1-1
Added Net: Name=USB0_VBUS
Added Pin To Net: NetName=V3.3MCU Pin=C6-2
Added Pin To Net: NetName=V3.3MCU Pin=U1-5
Added Pin To Net: NetName=V3.3MCU Pin=U1-16
Added Pin To Net: NetName=V3.3MCU Pin=U1-17
Added Pin To Net: NetName=V3.3MCU Pin=U1-25
Added Pin To Net: NetName=V3.3MCU Pin=U1-36
Added Pin To Net: NetName=V3.3MCU Pin=U1-41
Added Pin To Net: NetName=V3.3MCU Pin=U1-59
Added Pin To Net: NetName=V3.3MCU Pin=U1-71
Added Pin To Net: NetName=V3.3MCU Pin=U1-77
Added Pin To Net: NetName=V3.3MCU Pin=U1-94
Added Pin To Net: NetName=V3.3MCU Pin=U1-107
Added Pin To Net: NetName=V3.3MCU Pin=U1-111
Added Pin To Net: NetName=V3.3MCU Pin=U1-131
Added Pin To Net: NetName=V3.3MCU Pin=U1-137
Added Pin To Net: NetName=V3.3MCU Pin=U1-141
Added Pin To Net: NetName=V3.3MCU Pin=U4-3
Added Net: Name=V3.3MCU
Added Pin To Net: NetName=V3.3 Pin=C2-1
Added Pin To Net: NetName=V3.3 Pin=C4-2
Added Pin To Net: NetName=V3.3 Pin=C5-2
Added Pin To Net: NetName=V3.3 Pin=C10_M1-2
Added Pin To Net: NetName=V3.3 Pin=C10_M2-2
Added Pin To Net: NetName=V3.3 Pin=C10_M3-2
Added Pin To Net: NetName=V3.3 Pin=C10_M4-2
Added Pin To Net: NetName=V3.3 Pin=C11-2
Added Pin To Net: NetName=V3.3 Pin=C11_M1-2
Added Pin To Net: NetName=V3.3 Pin=C11_M2-2
Added Pin To Net: NetName=V3.3 Pin=C11_M3-2
Added Pin To Net: NetName=V3.3 Pin=C11_M4-2
Added Pin To Net: NetName=V3.3 Pin=D1-1
Added Pin To Net: NetName=V3.3 Pin=D1_M1-1
Added Pin To Net: NetName=V3.3 Pin=D1_M2-1
Added Pin To Net: NetName=V3.3 Pin=D1_M3-1
Added Pin To Net: NetName=V3.3 Pin=D1_M4-1
Added Pin To Net: NetName=V3.3 Pin=D2-1
Added Pin To Net: NetName=V3.3 Pin=D2_M1-1
Added Pin To Net: NetName=V3.3 Pin=D2_M2-1
Added Pin To Net: NetName=V3.3 Pin=D2_M3-1
Added Pin To Net: NetName=V3.3 Pin=D2_M4-1
Added Pin To Net: NetName=V3.3 Pin=R6-1
Added Pin To Net: NetName=V3.3 Pin=R20_M1-1
Added Pin To Net: NetName=V3.3 Pin=R20_M2-1
Added Pin To Net: NetName=V3.3 Pin=R20_M3-1
Added Pin To Net: NetName=V3.3 Pin=R20_M4-1
Added Pin To Net: NetName=V3.3 Pin=U1_M1-13
Added Pin To Net: NetName=V3.3 Pin=U1_M1-28
Added Pin To Net: NetName=V3.3 Pin=U1_M2-13
Added Pin To Net: NetName=V3.3 Pin=U1_M2-28
Added Pin To Net: NetName=V3.3 Pin=U1_M3-13
Added Pin To Net: NetName=V3.3 Pin=U1_M3-28
Added Pin To Net: NetName=V3.3 Pin=U1_M4-13
Added Pin To Net: NetName=V3.3 Pin=U1_M4-28
Added Pin To Net: NetName=V3.3 Pin=U2-5
Added Pin To Net: NetName=V3.3 Pin=U3-8
Added Pin To Net: NetName=V3.3 Pin=U3-13
Added Pin To Net: NetName=V3.3 Pin=U5-3
Added Net: Name=V3.3
Added Pin To Net: NetName=V5_USB_OUT Pin=C7-2
Added Pin To Net: NetName=V5_USB_OUT Pin=U6-3
Added Net: Name=V5_USB_OUT
Added Pin To Net: NetName=VBATT Pin=C1_M1-2
Added Pin To Net: NetName=VBATT Pin=C1_M2-2
Added Pin To Net: NetName=VBATT Pin=C1_M3-2
Added Pin To Net: NetName=VBATT Pin=C1_M4-2
Added Pin To Net: NetName=VBATT Pin=C2_M1-2
Added Pin To Net: NetName=VBATT Pin=C2_M2-2
Added Pin To Net: NetName=VBATT Pin=C2_M3-2
Added Pin To Net: NetName=VBATT Pin=C2_M4-2
Added Pin To Net: NetName=VBATT Pin=C3_M1-2
Added Pin To Net: NetName=VBATT Pin=C3_M2-2
Added Pin To Net: NetName=VBATT Pin=C3_M3-2
Added Pin To Net: NetName=VBATT Pin=C3_M4-2
Added Pin To Net: NetName=VBATT Pin=C4_M1-2
Added Pin To Net: NetName=VBATT Pin=C4_M2-2
Added Pin To Net: NetName=VBATT Pin=C4_M3-2
Added Pin To Net: NetName=VBATT Pin=C4_M4-2
Added Pin To Net: NetName=VBATT Pin=C5_M1-2
Added Pin To Net: NetName=VBATT Pin=C5_M2-2
Added Pin To Net: NetName=VBATT Pin=C5_M3-2
Added Pin To Net: NetName=VBATT Pin=C5_M4-2
Added Pin To Net: NetName=VBATT Pin=C6_M1-2
Added Pin To Net: NetName=VBATT Pin=C6_M2-2
Added Pin To Net: NetName=VBATT Pin=C6_M3-2
Added Pin To Net: NetName=VBATT Pin=C6_M4-2
Added Pin To Net: NetName=VBATT Pin=C8-2
Added Pin To Net: NetName=VBATT Pin=C9-2
Added Pin To Net: NetName=VBATT Pin=C10-2
Added Pin To Net: NetName=VBATT Pin=R3-1
Added Pin To Net: NetName=VBATT Pin=T1_M1-5
Added Pin To Net: NetName=VBATT Pin=T1_M1-6
Added Pin To Net: NetName=VBATT Pin=T1_M2-5
Added Pin To Net: NetName=VBATT Pin=T1_M2-6
Added Pin To Net: NetName=VBATT Pin=T1_M3-5
Added Pin To Net: NetName=VBATT Pin=T1_M3-6
Added Pin To Net: NetName=VBATT Pin=T1_M4-5
Added Pin To Net: NetName=VBATT Pin=T1_M4-6
Added Pin To Net: NetName=VBATT Pin=T2_M1-5
Added Pin To Net: NetName=VBATT Pin=T2_M1-6
Added Pin To Net: NetName=VBATT Pin=T2_M2-5
Added Pin To Net: NetName=VBATT Pin=T2_M2-6
Added Pin To Net: NetName=VBATT Pin=T2_M3-5
Added Pin To Net: NetName=VBATT Pin=T2_M3-6
Added Pin To Net: NetName=VBATT Pin=T2_M4-5
Added Pin To Net: NetName=VBATT Pin=T2_M4-6
Added Pin To Net: NetName=VBATT Pin=T3_M1-5
Added Pin To Net: NetName=VBATT Pin=T3_M1-6
Added Pin To Net: NetName=VBATT Pin=T3_M2-5
Added Pin To Net: NetName=VBATT Pin=T3_M2-6
Added Pin To Net: NetName=VBATT Pin=T3_M3-5
Added Pin To Net: NetName=VBATT Pin=T3_M3-6
Added Pin To Net: NetName=VBATT Pin=T3_M4-5
Added Pin To Net: NetName=VBATT Pin=T3_M4-6
Added Pin To Net: NetName=VBATT Pin=U2_M1-5
Added Pin To Net: NetName=VBATT Pin=U2_M2-5
Added Pin To Net: NetName=VBATT Pin=U2_M3-5
Added Pin To Net: NetName=VBATT Pin=U2_M4-5
Added Pin To Net: NetName=VBATT Pin=U3_M1-6
Added Pin To Net: NetName=VBATT Pin=U3_M2-6
Added Pin To Net: NetName=VBATT Pin=U3_M3-6
Added Pin To Net: NetName=VBATT Pin=U3_M4-6
Added Pin To Net: NetName=VBATT Pin=U4-1
Added Pin To Net: NetName=VBATT Pin=U4-4
Added Pin To Net: NetName=VBATT Pin=U4_M1-6
Added Pin To Net: NetName=VBATT Pin=U4_M2-6
Added Pin To Net: NetName=VBATT Pin=U4_M3-6
Added Pin To Net: NetName=VBATT Pin=U4_M4-6
Added Pin To Net: NetName=VBATT Pin=U5-1
Added Pin To Net: NetName=VBATT Pin=U5-4
Added Pin To Net: NetName=VBATT Pin=U5_M1-6
Added Pin To Net: NetName=VBATT Pin=U5_M2-6
Added Pin To Net: NetName=VBATT Pin=U5_M3-6
Added Pin To Net: NetName=VBATT Pin=U5_M4-6
Added Pin To Net: NetName=VBATT Pin=U6-4
Added Net: Name=VBATT
Added Class: Name=imu
Added Class: Name=M1
Added Class: Name=M2
Added Class: Name=M3
Added Class: Name=M4
Added Class: Name=mcu
Added Class: Name=power
Added Class: Name=motor_controller
Added Room: Name=imu
Added Room: Name=M1
Added Room: Name=M2
Added Room: Name=M3
Added Room: Name=M4
Added Room: Name=mcu
Added Room: Name=power
