Added Component: Designator=C2C(1608[0603])
Added Component: Designator=C2D(1608[0603])
Added Component: Designator=C3C(1608[0603])
Added Component: Designator=C3D(1608[0603])
Added Component: Designator=C4C(1608[0603])
Added Component: Designator=C4D(1608[0603])
Added Component: Designator=C5C(1608[0603])
Added Component: Designator=C5D(1608[0603])
Added Component: Designator=C6C(1608[0603])
Added Component: Designator=C6D(1608[0603])
Added Component: Designator=C7C(1608[0603])
Added Component: Designator=C7D(1608[0603])
Added Component: Designator=C8C(1608[0603])
Added Component: Designator=C8D(1608[0603])
Added Component: Designator=C9C(1608[0603])
Added Component: Designator=C9D(1608[0603])
Added Component: Designator=C10C(1608[0603])
Added Component: Designator=C10D(1608[0603])
Added Component: Designator=C11C(1608[0603])
Added Component: Designator=C11D(1608[0603])
Added Component: Designator=C12C(1608[0603])
Added Component: Designator=C12D(1608[0603])
Added Component: Designator=D3C(J1-0603)
Added Component: Designator=D3D(J1-0603)
Added Component: Designator=D4C(J1-0603)
Added Component: Designator=D4D(J1-0603)
Added Component: Designator=P1C(MHDR1X3)
Added Component: Designator=P1D(MHDR1X3)
Added Component: Designator=R11C(J1-0603)
Added Component: Designator=R11D(J1-0603)
Added Component: Designator=R12C(J1-0603)
Added Component: Designator=R12D(J1-0603)
Added Component: Designator=R13C(J1-0603)
Added Component: Designator=R13D(J1-0603)
Added Component: Designator=R14C(J1-0603)
Added Component: Designator=R14D(J1-0603)
Added Component: Designator=R15C(J1-0603)
Added Component: Designator=R15D(J1-0603)
Added Component: Designator=R16C(J1-0603)
Added Component: Designator=R16D(J1-0603)
Added Component: Designator=R17C(J1-0603)
Added Component: Designator=R17D(J1-0603)
Added Component: Designator=R18C(J1-0603)
Added Component: Designator=R18D(J1-0603)
Added Component: Designator=R19C(J1-0603)
Added Component: Designator=R19D(J1-0603)
Added Component: Designator=R20C(J1-0603)
Added Component: Designator=R20D(J1-0603)
Added Component: Designator=R21C(J1-0603)
Added Component: Designator=R21D(J1-0603)
Added Component: Designator=R22C(J1-0603)
Added Component: Designator=R22D(J1-0603)
Added Component: Designator=R23C(J1-0603)
Added Component: Designator=R23D(J1-0603)
Added Component: Designator=R24C(J1-0603)
Added Component: Designator=R24D(J1-0603)
Added Component: Designator=R25C(14-1210)
Added Component: Designator=R25D(14-1210)
Added Component: Designator=R26C(J1-0603)
Added Component: Designator=R26D(J1-0603)
Added Component: Designator=R27C(J1-0603)
Added Component: Designator=R27D(J1-0603)
Added Component: Designator=R28C(J1-0603)
Added Component: Designator=R28D(J1-0603)
Added Component: Designator=R29C(J1-0603)
Added Component: Designator=R29D(J1-0603)
Added Component: Designator=R30C(J1-0603)
Added Component: Designator=R30D(J1-0603)
Added Component: Designator=T1C(SOIC127P600-8L)
Added Component: Designator=T1D(SOIC127P600-8L)
Added Component: Designator=T2C(SOIC127P600-8L)
Added Component: Designator=T2D(SOIC127P600-8L)
Added Component: Designator=T3C(SOIC127P600-8L)
Added Component: Designator=T3D(SOIC127P600-8L)
Added Component: Designator=U3C(SSOP-SS28_N)
Added Component: Designator=U3D(SSOP-SS28_N)
Added Component: Designator=U4C(SOIC-OA8_N)
Added Component: Designator=U4D(SOIC-OA8_N)
Added Component: Designator=U5C(SOIC-OA8_N)
Added Component: Designator=U5D(SOIC-OA8_N)
Added Component: Designator=U6C(SOIC-OA8_N)
Added Component: Designator=U6D(SOIC-OA8_N)
Added Component: Designator=U7C(SOT-23-OT5_N)
Added Component: Designator=U7D(SOT-23-OT5_N)
Added Pin To Net: NetName=GND Pin=C2C-1
Added Pin To Net: NetName=GND Pin=C2D-1
Added Pin To Net: NetName=GND Pin=C3C-1
Added Pin To Net: NetName=V3.3 Pin=C3C-2
Added Pin To Net: NetName=GND Pin=C3D-1
Added Pin To Net: NetName=V3.3 Pin=C3D-2
Added Pin To Net: NetName=GND Pin=C4C-1
Added Pin To Net: NetName=V3.3 Pin=C4C-2
Added Pin To Net: NetName=GND Pin=C4D-1
Added Pin To Net: NetName=V3.3 Pin=C4D-2
Added Pin To Net: NetName=GND Pin=C5C-1
Added Pin To Net: NetName=VBATT Pin=C5C-2
Added Pin To Net: NetName=GND Pin=C5D-1
Added Pin To Net: NetName=VBATT Pin=C5D-2
Added Pin To Net: NetName=GND Pin=C6C-1
Added Pin To Net: NetName=VBATT Pin=C6C-2
Added Pin To Net: NetName=GND Pin=C6D-1
Added Pin To Net: NetName=VBATT Pin=C6D-2
Added Pin To Net: NetName=GND Pin=C7C-1
Added Pin To Net: NetName=VBATT Pin=C7C-2
Added Pin To Net: NetName=GND Pin=C7D-1
Added Pin To Net: NetName=VBATT Pin=C7D-2
Added Pin To Net: NetName=GND Pin=C8C-1
Added Pin To Net: NetName=VBATT Pin=C8C-2
Added Pin To Net: NetName=GND Pin=C8D-1
Added Pin To Net: NetName=VBATT Pin=C8D-2
Added Pin To Net: NetName=GND Pin=C9C-1
Added Pin To Net: NetName=VBATT Pin=C9C-2
Added Pin To Net: NetName=GND Pin=C9D-1
Added Pin To Net: NetName=VBATT Pin=C9D-2
Added Pin To Net: NetName=GND Pin=C10C-1
Added Pin To Net: NetName=VBATT Pin=C10C-2
Added Pin To Net: NetName=GND Pin=C10D-1
Added Pin To Net: NetName=VBATT Pin=C10D-2
Added Pin To Net: NetName=GND Pin=C11C-1
Added Pin To Net: NetName=GND Pin=C11D-1
Added Pin To Net: NetName=GND Pin=C12C-1
Added Pin To Net: NetName=GND Pin=C12D-1
Added Pin To Net: NetName=V3.3 Pin=D3C-1
Added Pin To Net: NetName=V3.3 Pin=D3D-1
Added Pin To Net: NetName=V3.3 Pin=D4C-1
Added Pin To Net: NetName=V3.3 Pin=D4D-1
Added Pin To Net: NetName=V3.3 Pin=R11C-1
Added Pin To Net: NetName=V3.3 Pin=R11D-1
Added Pin To Net: NetName=GND Pin=R12C-1
Added Pin To Net: NetName=GND Pin=R12D-1
Added Pin To Net: NetName=GND Pin=R13C-1
Added Pin To Net: NetName=GND Pin=R13D-1
Added Pin To Net: NetName=GND Pin=R18C-2
Added Pin To Net: NetName=GND Pin=R18D-2
Added Pin To Net: NetName=GND Pin=R21C-2
Added Pin To Net: NetName=GND Pin=R21D-2
Added Pin To Net: NetName=GND Pin=R24C-2
Added Pin To Net: NetName=GND Pin=R24D-2
Added Pin To Net: NetName=GND Pin=R25C-1
Added Pin To Net: NetName=GND Pin=R25D-1
Added Pin To Net: NetName=GND Pin=R27C-1
Added Pin To Net: NetName=GND Pin=R27D-1
Added Pin To Net: NetName=VBATT Pin=T1C-5
Added Pin To Net: NetName=VBATT Pin=T1C-6
Added Pin To Net: NetName=VBATT Pin=T1D-5
Added Pin To Net: NetName=VBATT Pin=T1D-6
Added Pin To Net: NetName=VBATT Pin=T2C-5
Added Pin To Net: NetName=VBATT Pin=T2C-6
Added Pin To Net: NetName=VBATT Pin=T2D-5
Added Pin To Net: NetName=VBATT Pin=T2D-6
Added Pin To Net: NetName=VBATT Pin=T3C-5
Added Pin To Net: NetName=VBATT Pin=T3C-6
Added Pin To Net: NetName=VBATT Pin=T3D-5
Added Pin To Net: NetName=VBATT Pin=T3D-6
Added Pin To Net: NetName=GND Pin=U3C-8
Added Pin To Net: NetName=V3.3 Pin=U3C-13
Added Pin To Net: NetName=GND Pin=U3C-19
Added Pin To Net: NetName=GND Pin=U3C-27
Added Pin To Net: NetName=V3.3 Pin=U3C-28
Added Pin To Net: NetName=GND Pin=U3D-8
Added Pin To Net: NetName=V3.3 Pin=U3D-13
Added Pin To Net: NetName=GND Pin=U3D-19
Added Pin To Net: NetName=GND Pin=U3D-27
Added Pin To Net: NetName=V3.3 Pin=U3D-28
Added Pin To Net: NetName=GND Pin=U4C-3
Added Pin To Net: NetName=VBATT Pin=U4C-6
Added Pin To Net: NetName=GND Pin=U4D-3
Added Pin To Net: NetName=VBATT Pin=U4D-6
Added Pin To Net: NetName=GND Pin=U5C-3
Added Pin To Net: NetName=VBATT Pin=U5C-6
Added Pin To Net: NetName=GND Pin=U5D-3
Added Pin To Net: NetName=VBATT Pin=U5D-6
Added Pin To Net: NetName=GND Pin=U6C-3
Added Pin To Net: NetName=VBATT Pin=U6C-6
Added Pin To Net: NetName=GND Pin=U6D-3
Added Pin To Net: NetName=VBATT Pin=U6D-6
Added Pin To Net: NetName=GND Pin=U7C-2
Added Pin To Net: NetName=VBATT Pin=U7C-5
Added Pin To Net: NetName=GND Pin=U7D-2
Added Pin To Net: NetName=VBATT Pin=U7D-5
Added Pin To Net: NetName=DET1C Pin=R12C-2
Added Pin To Net: NetName=DET1C Pin=U3C-15
Added Net: Name=DET1C
Added Pin To Net: NetName=DET1D Pin=R12D-2
Added Pin To Net: NetName=DET1D Pin=U3D-15
Added Net: Name=DET1D
Added Pin To Net: NetName=DET2C Pin=R13C-2
Added Pin To Net: NetName=DET2C Pin=U3C-16
Added Net: Name=DET2C
Added Pin To Net: NetName=DET2D Pin=R13D-2
Added Pin To Net: NetName=DET2D Pin=U3D-16
Added Net: Name=DET2D
Added Pin To Net: NetName=M1C Pin=P1C-1
Added Pin To Net: NetName=M1C Pin=R17C-1
Added Pin To Net: NetName=M1C Pin=T1C-3
Added Pin To Net: NetName=M1C Pin=T1C-7
Added Pin To Net: NetName=M1C Pin=T1C-8
Added Net: Name=M1C
Added Pin To Net: NetName=M1D Pin=P1D-1
Added Pin To Net: NetName=M1D Pin=R17D-1
Added Pin To Net: NetName=M1D Pin=T1D-3
Added Pin To Net: NetName=M1D Pin=T1D-7
Added Pin To Net: NetName=M1D Pin=T1D-8
Added Net: Name=M1D
Added Pin To Net: NetName=M2C Pin=P1C-2
Added Pin To Net: NetName=M2C Pin=R20C-1
Added Pin To Net: NetName=M2C Pin=T2C-3
Added Pin To Net: NetName=M2C Pin=T2C-7
Added Pin To Net: NetName=M2C Pin=T2C-8
Added Net: Name=M2C
Added Pin To Net: NetName=M2D Pin=P1D-2
Added Pin To Net: NetName=M2D Pin=R20D-1
Added Pin To Net: NetName=M2D Pin=T2D-3
Added Pin To Net: NetName=M2D Pin=T2D-7
Added Pin To Net: NetName=M2D Pin=T2D-8
Added Net: Name=M2D
Added Pin To Net: NetName=M3C Pin=P1C-3
Added Pin To Net: NetName=M3C Pin=R23C-2
Added Pin To Net: NetName=M3C Pin=T3C-3
Added Pin To Net: NetName=M3C Pin=T3C-7
Added Pin To Net: NetName=M3C Pin=T3C-8
Added Net: Name=M3C
Added Pin To Net: NetName=M3D Pin=P1D-3
Added Pin To Net: NetName=M3D Pin=R23D-2
Added Pin To Net: NetName=M3D Pin=T3D-3
Added Pin To Net: NetName=M3D Pin=T3D-7
Added Pin To Net: NetName=M3D Pin=T3D-8
Added Net: Name=M3D
Added Pin To Net: NetName=MOTOR_CURRENTC Pin=C12C-2
Added Pin To Net: NetName=MOTOR_CURRENTC Pin=R30C-2
Added Pin To Net: NetName=MOTOR_CURRENTC Pin=U3C-4
Added Net: Name=MOTOR_CURRENTC
Added Pin To Net: NetName=MOTOR_CURRENTD Pin=C12D-2
Added Pin To Net: NetName=MOTOR_CURRENTD Pin=R30D-2
Added Pin To Net: NetName=MOTOR_CURRENTD Pin=U3D-4
Added Net: Name=MOTOR_CURRENTD
Added Pin To Net: NetName=NetC2C_2 Pin=C2C-2
Added Pin To Net: NetName=NetC2C_2 Pin=U3C-20
Added Net: Name=NetC2C_2
Added Pin To Net: NetName=NetC2D_2 Pin=C2D-2
Added Pin To Net: NetName=NetC2D_2 Pin=U3D-20
Added Net: Name=NetC2D_2
Added Pin To Net: NetName=NetC11C_2 Pin=C11C-2
Added Pin To Net: NetName=NetC11C_2 Pin=R26C-2
Added Pin To Net: NetName=NetC11C_2 Pin=R28C-1
Added Net: Name=NetC11C_2
Added Pin To Net: NetName=NetC11D_2 Pin=C11D-2
Added Pin To Net: NetName=NetC11D_2 Pin=R26D-2
Added Pin To Net: NetName=NetC11D_2 Pin=R28D-1
Added Net: Name=NetC11D_2
Added Pin To Net: NetName=NetD3C_2 Pin=D3C-2
Added Pin To Net: NetName=NetD3C_2 Pin=R14C-1
Added Net: Name=NetD3C_2
Added Pin To Net: NetName=NetD3D_2 Pin=D3D-2
Added Pin To Net: NetName=NetD3D_2 Pin=R14D-1
Added Net: Name=NetD3D_2
Added Pin To Net: NetName=NetD4C_2 Pin=D4C-2
Added Pin To Net: NetName=NetD4C_2 Pin=R15C-1
Added Net: Name=NetD4C_2
Added Pin To Net: NetName=NetD4D_2 Pin=D4D-2
Added Pin To Net: NetName=NetD4D_2 Pin=R15D-1
Added Net: Name=NetD4D_2
Added Pin To Net: NetName=NetR11C_2 Pin=R11C-2
Added Pin To Net: NetName=NetR11C_2 Pin=U3C-1
Added Net: Name=NetR11C_2
Added Pin To Net: NetName=NetR11D_2 Pin=R11D-2
Added Pin To Net: NetName=NetR11D_2 Pin=U3D-1
Added Net: Name=NetR11D_2
Added Pin To Net: NetName=NetR14C_2 Pin=R14C-2
Added Pin To Net: NetName=NetR14C_2 Pin=U3C-3
Added Net: Name=NetR14C_2
Added Pin To Net: NetName=NetR14D_2 Pin=R14D-2
Added Pin To Net: NetName=NetR14D_2 Pin=U3D-3
Added Net: Name=NetR14D_2
Added Pin To Net: NetName=NetR15C_2 Pin=R15C-2
Added Pin To Net: NetName=NetR15C_2 Pin=U3C-2
Added Net: Name=NetR15C_2
Added Pin To Net: NetName=NetR15D_2 Pin=R15D-2
Added Pin To Net: NetName=NetR15D_2 Pin=U3D-2
Added Net: Name=NetR15D_2
Added Pin To Net: NetName=NetR16C_1 Pin=R16C-1
Added Pin To Net: NetName=NetR16C_1 Pin=U3C-5
Added Net: Name=NetR16C_1
Added Pin To Net: NetName=NetR16C_2 Pin=R16C-2
Added Pin To Net: NetName=NetR16C_2 Pin=R17C-2
Added Pin To Net: NetName=NetR16C_2 Pin=R18C-1
Added Net: Name=NetR16C_2
Added Pin To Net: NetName=NetR16D_1 Pin=R16D-1
Added Pin To Net: NetName=NetR16D_1 Pin=U3D-5
Added Net: Name=NetR16D_1
Added Pin To Net: NetName=NetR16D_2 Pin=R16D-2
Added Pin To Net: NetName=NetR16D_2 Pin=R17D-2
Added Pin To Net: NetName=NetR16D_2 Pin=R18D-1
Added Net: Name=NetR16D_2
Added Pin To Net: NetName=NetR19C_1 Pin=R19C-1
Added Pin To Net: NetName=NetR19C_1 Pin=U3C-6
Added Net: Name=NetR19C_1
Added Pin To Net: NetName=NetR19C_2 Pin=R19C-2
Added Pin To Net: NetName=NetR19C_2 Pin=R20C-2
Added Pin To Net: NetName=NetR19C_2 Pin=R21C-1
Added Net: Name=NetR19C_2
Added Pin To Net: NetName=NetR19D_1 Pin=R19D-1
Added Pin To Net: NetName=NetR19D_1 Pin=U3D-6
Added Net: Name=NetR19D_1
Added Pin To Net: NetName=NetR19D_2 Pin=R19D-2
Added Pin To Net: NetName=NetR19D_2 Pin=R20D-2
Added Pin To Net: NetName=NetR19D_2 Pin=R21D-1
Added Net: Name=NetR19D_2
Added Pin To Net: NetName=NetR22C_1 Pin=R22C-1
Added Pin To Net: NetName=NetR22C_1 Pin=U3C-7
Added Net: Name=NetR22C_1
Added Pin To Net: NetName=NetR22C_2 Pin=R22C-2
Added Pin To Net: NetName=NetR22C_2 Pin=R23C-1
Added Pin To Net: NetName=NetR22C_2 Pin=R24C-1
Added Net: Name=NetR22C_2
Added Pin To Net: NetName=NetR22D_1 Pin=R22D-1
Added Pin To Net: NetName=NetR22D_1 Pin=U3D-7
Added Net: Name=NetR22D_1
Added Pin To Net: NetName=NetR22D_2 Pin=R22D-2
Added Pin To Net: NetName=NetR22D_2 Pin=R23D-1
Added Pin To Net: NetName=NetR22D_2 Pin=R24D-1
Added Net: Name=NetR22D_2
Added Pin To Net: NetName=NetR25C_2 Pin=R25C-2
Added Pin To Net: NetName=NetR25C_2 Pin=R26C-1
Added Pin To Net: NetName=NetR25C_2 Pin=T1C-1
Added Pin To Net: NetName=NetR25C_2 Pin=T2C-1
Added Pin To Net: NetName=NetR25C_2 Pin=T3C-1
Added Net: Name=NetR25C_2
Added Pin To Net: NetName=NetR25D_2 Pin=R25D-2
Added Pin To Net: NetName=NetR25D_2 Pin=R26D-1
Added Pin To Net: NetName=NetR25D_2 Pin=T1D-1
Added Pin To Net: NetName=NetR25D_2 Pin=T2D-1
Added Pin To Net: NetName=NetR25D_2 Pin=T3D-1
Added Net: Name=NetR25D_2
Added Pin To Net: NetName=NetR27C_2 Pin=R27C-2
Added Pin To Net: NetName=NetR27C_2 Pin=R29C-1
Added Pin To Net: NetName=NetR27C_2 Pin=U7C-4
Added Net: Name=NetR27C_2
Added Pin To Net: NetName=NetR27D_2 Pin=R27D-2
Added Pin To Net: NetName=NetR27D_2 Pin=R29D-1
Added Pin To Net: NetName=NetR27D_2 Pin=U7D-4
Added Net: Name=NetR27D_2
Added Pin To Net: NetName=NetR28C_2 Pin=R28C-2
Added Pin To Net: NetName=NetR28C_2 Pin=U7C-3
Added Net: Name=NetR28C_2
Added Pin To Net: NetName=NetR28D_2 Pin=R28D-2
Added Pin To Net: NetName=NetR28D_2 Pin=U7D-3
Added Net: Name=NetR28D_2
Added Pin To Net: NetName=NetR29C_2 Pin=R29C-2
Added Pin To Net: NetName=NetR29C_2 Pin=R30C-1
Added Pin To Net: NetName=NetR29C_2 Pin=U7C-1
Added Net: Name=NetR29C_2
Added Pin To Net: NetName=NetR29D_2 Pin=R29D-2
Added Pin To Net: NetName=NetR29D_2 Pin=R30D-1
Added Pin To Net: NetName=NetR29D_2 Pin=U7D-1
Added Net: Name=NetR29D_2
Added Pin To Net: NetName=NetT1C_2 Pin=T1C-2
Added Pin To Net: NetName=NetT1C_2 Pin=U4C-5
Added Net: Name=NetT1C_2
Added Pin To Net: NetName=NetT1C_4 Pin=T1C-4
Added Pin To Net: NetName=NetT1C_4 Pin=U4C-7
Added Net: Name=NetT1C_4
Added Pin To Net: NetName=NetT1D_2 Pin=T1D-2
Added Pin To Net: NetName=NetT1D_2 Pin=U4D-5
Added Net: Name=NetT1D_2
Added Pin To Net: NetName=NetT1D_4 Pin=T1D-4
Added Pin To Net: NetName=NetT1D_4 Pin=U4D-7
Added Net: Name=NetT1D_4
Added Pin To Net: NetName=NetT2C_2 Pin=T2C-2
Added Pin To Net: NetName=NetT2C_2 Pin=U5C-5
Added Net: Name=NetT2C_2
Added Pin To Net: NetName=NetT2C_4 Pin=T2C-4
Added Pin To Net: NetName=NetT2C_4 Pin=U5C-7
Added Net: Name=NetT2C_4
Added Pin To Net: NetName=NetT2D_2 Pin=T2D-2
Added Pin To Net: NetName=NetT2D_2 Pin=U5D-5
Added Net: Name=NetT2D_2
Added Pin To Net: NetName=NetT2D_4 Pin=T2D-4
Added Pin To Net: NetName=NetT2D_4 Pin=U5D-7
Added Net: Name=NetT2D_4
Added Pin To Net: NetName=NetT3C_2 Pin=T3C-2
Added Pin To Net: NetName=NetT3C_2 Pin=U6C-5
Added Net: Name=NetT3C_2
Added Pin To Net: NetName=NetT3C_4 Pin=T3C-4
Added Pin To Net: NetName=NetT3C_4 Pin=U6C-7
Added Net: Name=NetT3C_4
Added Pin To Net: NetName=NetT3D_2 Pin=T3D-2
Added Pin To Net: NetName=NetT3D_2 Pin=U6D-5
Added Net: Name=NetT3D_2
Added Pin To Net: NetName=NetT3D_4 Pin=T3D-4
Added Pin To Net: NetName=NetT3D_4 Pin=U6D-7
Added Net: Name=NetT3D_4
Added Pin To Net: NetName=NetU3C_11 Pin=U3C-11
Added Net: Name=NetU3C_11
Added Pin To Net: NetName=NetU3C_12 Pin=U3C-12
Added Net: Name=NetU3C_12
Added Pin To Net: NetName=NetU3C_17 Pin=U3C-17
Added Net: Name=NetU3C_17
Added Pin To Net: NetName=NetU3C_18 Pin=U3C-18
Added Net: Name=NetU3C_18
Added Pin To Net: NetName=NetU3C_21 Pin=U3C-21
Added Pin To Net: NetName=NetU3C_21 Pin=U4C-2
Added Net: Name=NetU3C_21
Added Pin To Net: NetName=NetU3C_22 Pin=U3C-22
Added Pin To Net: NetName=NetU3C_22 Pin=U4C-4
Added Net: Name=NetU3C_22
Added Pin To Net: NetName=NetU3C_23 Pin=U3C-23
Added Pin To Net: NetName=NetU3C_23 Pin=U5C-2
Added Net: Name=NetU3C_23
Added Pin To Net: NetName=NetU3C_24 Pin=U3C-24
Added Pin To Net: NetName=NetU3C_24 Pin=U5C-4
Added Net: Name=NetU3C_24
Added Pin To Net: NetName=NetU3C_25 Pin=U3C-25
Added Pin To Net: NetName=NetU3C_25 Pin=U6C-2
Added Net: Name=NetU3C_25
Added Pin To Net: NetName=NetU3C_26 Pin=U3C-26
Added Pin To Net: NetName=NetU3C_26 Pin=U6C-4
Added Net: Name=NetU3C_26
Added Pin To Net: NetName=NetU3D_11 Pin=U3D-11
Added Net: Name=NetU3D_11
Added Pin To Net: NetName=NetU3D_12 Pin=U3D-12
Added Net: Name=NetU3D_12
Added Pin To Net: NetName=NetU3D_17 Pin=U3D-17
Added Net: Name=NetU3D_17
Added Pin To Net: NetName=NetU3D_18 Pin=U3D-18
Added Net: Name=NetU3D_18
Added Pin To Net: NetName=NetU3D_21 Pin=U3D-21
Added Pin To Net: NetName=NetU3D_21 Pin=U4D-2
Added Net: Name=NetU3D_21
Added Pin To Net: NetName=NetU3D_22 Pin=U3D-22
Added Pin To Net: NetName=NetU3D_22 Pin=U4D-4
Added Net: Name=NetU3D_22
Added Pin To Net: NetName=NetU3D_23 Pin=U3D-23
Added Pin To Net: NetName=NetU3D_23 Pin=U5D-2
Added Net: Name=NetU3D_23
Added Pin To Net: NetName=NetU3D_24 Pin=U3D-24
Added Pin To Net: NetName=NetU3D_24 Pin=U5D-4
Added Net: Name=NetU3D_24
Added Pin To Net: NetName=NetU3D_25 Pin=U3D-25
Added Pin To Net: NetName=NetU3D_25 Pin=U6D-2
Added Net: Name=NetU3D_25
Added Pin To Net: NetName=NetU3D_26 Pin=U3D-26
Added Pin To Net: NetName=NetU3D_26 Pin=U6D-4
Added Net: Name=NetU3D_26
Added Class: Name=M3
Added Class: Name=M4
Added Room: Name=M3
Added Room: Name=M4
