Change Component Designator: OldDesignator=C2_M1 NewDesignator=C2A
Change Component Designator: OldDesignator=C2_M2 NewDesignator=C2B
Change Component Designator: OldDesignator=C3_M1 NewDesignator=C3A
Change Component Designator: OldDesignator=C3_M2 NewDesignator=C3B
Change Component Designator: OldDesignator=C4_M1 NewDesignator=C4A
Change Component Designator: OldDesignator=C4_M2 NewDesignator=C4B
Change Component Designator: OldDesignator=C5_M1 NewDesignator=C5A
Change Component Designator: OldDesignator=C5_M2 NewDesignator=C5B
Change Component Designator: OldDesignator=C6_M1 NewDesignator=C6A
Change Component Designator: OldDesignator=C6_M2 NewDesignator=C6B
Change Component Designator: OldDesignator=C7_M1 NewDesignator=C7A
Change Component Designator: OldDesignator=C7_M2 NewDesignator=C7B
Change Component Designator: OldDesignator=C8_M1 NewDesignator=C8A
Change Component Designator: OldDesignator=C8_M2 NewDesignator=C8B
Change Component Designator: OldDesignator=C9_M1 NewDesignator=C9A
Change Component Designator: OldDesignator=C9_M2 NewDesignator=C9B
Change Component Designator: OldDesignator=C10_M1 NewDesignator=C10A
Change Component Designator: OldDesignator=C10_M2 NewDesignator=C10B
Change Component Designator: OldDesignator=C11_M1 NewDesignator=C11A
Change Component Designator: OldDesignator=C11_M2 NewDesignator=C11B
Change Component Designator: OldDesignator=C12_M1 NewDesignator=C12A
Change Component Designator: OldDesignator=C12_M2 NewDesignator=C12B
Change Component Designator: OldDesignator=D3_M1 NewDesignator=D3A
Change Component Designator: OldDesignator=D3_M2 NewDesignator=D3B
Change Component Designator: OldDesignator=D4_M1 NewDesignator=D4A
Change Component Designator: OldDesignator=D4_M2 NewDesignator=D4B
Change Component Designator: OldDesignator=P1_M1 NewDesignator=P1A
Change Component Designator: OldDesignator=P1_M2 NewDesignator=P1B
Change Component Designator: OldDesignator=R11_M1 NewDesignator=R11A
Change Component Designator: OldDesignator=R11_M2 NewDesignator=R11B
Change Component Designator: OldDesignator=R12_M1 NewDesignator=R12A
Change Component Designator: OldDesignator=R12_M2 NewDesignator=R12B
Change Component Designator: OldDesignator=R13_M1 NewDesignator=R13A
Change Component Designator: OldDesignator=R13_M2 NewDesignator=R13B
Change Component Designator: OldDesignator=R14_M1 NewDesignator=R14A
Change Component Designator: OldDesignator=R14_M2 NewDesignator=R14B
Change Component Designator: OldDesignator=R15_M1 NewDesignator=R15A
Change Component Designator: OldDesignator=R15_M2 NewDesignator=R15B
Change Component Designator: OldDesignator=R16_M1 NewDesignator=R16A
Change Component Designator: OldDesignator=R16_M2 NewDesignator=R16B
Change Component Designator: OldDesignator=R17_M1 NewDesignator=R17A
Change Component Designator: OldDesignator=R17_M2 NewDesignator=R17B
Change Component Designator: OldDesignator=R18_M1 NewDesignator=R18A
Change Component Designator: OldDesignator=R18_M2 NewDesignator=R18B
Change Component Designator: OldDesignator=R19_M1 NewDesignator=R19A
Change Component Designator: OldDesignator=R19_M2 NewDesignator=R19B
Change Component Designator: OldDesignator=R20_M1 NewDesignator=R20A
Change Component Designator: OldDesignator=R20_M2 NewDesignator=R20B
Change Component Designator: OldDesignator=R21_M1 NewDesignator=R21A
Change Component Designator: OldDesignator=R21_M2 NewDesignator=R21B
Change Component Designator: OldDesignator=R22_M1 NewDesignator=R22A
Change Component Designator: OldDesignator=R22_M2 NewDesignator=R22B
Change Component Designator: OldDesignator=R23_M1 NewDesignator=R23A
Change Component Designator: OldDesignator=R23_M2 NewDesignator=R23B
Change Component Designator: OldDesignator=R24_M1 NewDesignator=R24A
Change Component Designator: OldDesignator=R24_M2 NewDesignator=R24B
Change Component Designator: OldDesignator=R25_M1 NewDesignator=R25A
Change Component Designator: OldDesignator=R25_M2 NewDesignator=R25B
Change Component Designator: OldDesignator=R26_M1 NewDesignator=R26A
Change Component Designator: OldDesignator=R26_M2 NewDesignator=R26B
Change Component Designator: OldDesignator=R27_M1 NewDesignator=R27A
Change Component Designator: OldDesignator=R27_M2 NewDesignator=R27B
Change Component Designator: OldDesignator=R28_M1 NewDesignator=R28A
Change Component Designator: OldDesignator=R28_M2 NewDesignator=R28B
Change Component Designator: OldDesignator=R29_M1 NewDesignator=R29A
Change Component Designator: OldDesignator=R29_M2 NewDesignator=R29B
Change Component Designator: OldDesignator=R30_M1 NewDesignator=R30A
Change Component Designator: OldDesignator=R30_M2 NewDesignator=R30B
Change Component Designator: OldDesignator=T1_M1 NewDesignator=T1A
Change Component Designator: OldDesignator=T1_M2 NewDesignator=T1B
Change Component Designator: OldDesignator=T2_M1 NewDesignator=T2A
Change Component Designator: OldDesignator=T2_M2 NewDesignator=T2B
Change Component Designator: OldDesignator=T3_M1 NewDesignator=T3A
Change Component Designator: OldDesignator=T3_M2 NewDesignator=T3B
Change Component Designator: OldDesignator=U3_M1 NewDesignator=U3A
Change Component Designator: OldDesignator=U3_M2 NewDesignator=U3B
Change Component Designator: OldDesignator=U4_M1 NewDesignator=U4A
Change Component Designator: OldDesignator=U4_M2 NewDesignator=U4B
Change Component Designator: OldDesignator=U5_M1 NewDesignator=U5A
Change Component Designator: OldDesignator=U5_M2 NewDesignator=U5B
Change Component Designator: OldDesignator=U6_M1 NewDesignator=U6A
Change Component Designator: OldDesignator=U6_M2 NewDesignator=U6B
Change Component Designator: OldDesignator=U7_M1 NewDesignator=U7A
Change Component Designator: OldDesignator=U7_M2 NewDesignator=U7B
Change Net Name : Old Net Name=DET1_M1 New Net Name=DET1A
Change Net Name : Old Net Name=DET1_M2 New Net Name=DET1B
Change Net Name : Old Net Name=DET2_M1 New Net Name=DET2A
Change Net Name : Old Net Name=DET2_M2 New Net Name=DET2B
Change Net Name : Old Net Name=M1_M1 New Net Name=M1A
Change Net Name : Old Net Name=M1_M2 New Net Name=M1B
Change Net Name : Old Net Name=M2_M1 New Net Name=M2A
Change Net Name : Old Net Name=M2_M2 New Net Name=M2B
Change Net Name : Old Net Name=M3_M1 New Net Name=M3A
Change Net Name : Old Net Name=M3_M2 New Net Name=M3B
Change Net Name : Old Net Name=MOTOR_CURRENT_M1 New Net Name=MOTOR_CURRENTA
Change Net Name : Old Net Name=MOTOR_CURRENT_M2 New Net Name=MOTOR_CURRENTB
Change Net Name : Old Net Name=NetC2_M1_2 New Net Name=NetC2A_2
Change Net Name : Old Net Name=NetC2_M2_2 New Net Name=NetC2B_2
Change Net Name : Old Net Name=NetC11_M1_2 New Net Name=NetC11A_2
Change Net Name : Old Net Name=NetC11_M2_2 New Net Name=NetC11B_2
Change Net Name : Old Net Name=NetD3_M1_2 New Net Name=NetD3A_2
Change Net Name : Old Net Name=NetD3_M2_2 New Net Name=NetD3B_2
Change Net Name : Old Net Name=NetD4_M1_2 New Net Name=NetD4A_2
Change Net Name : Old Net Name=NetD4_M2_2 New Net Name=NetD4B_2
Change Net Name : Old Net Name=NetR11_M1_2 New Net Name=NetR11A_2
Change Net Name : Old Net Name=NetR11_M2_2 New Net Name=NetR11B_2
Change Net Name : Old Net Name=NetR14_M1_2 New Net Name=NetR14A_2
Change Net Name : Old Net Name=NetR14_M2_2 New Net Name=NetR14B_2
Change Net Name : Old Net Name=NetR15_M1_2 New Net Name=NetR15A_2
Change Net Name : Old Net Name=NetR15_M2_2 New Net Name=NetR15B_2
Change Net Name : Old Net Name=NetR16_M1_1 New Net Name=NetR16A_1
Change Net Name : Old Net Name=NetR16_M1_2 New Net Name=NetR16A_2
Change Net Name : Old Net Name=NetR16_M2_1 New Net Name=NetR16B_1
Change Net Name : Old Net Name=NetR16_M2_2 New Net Name=NetR16B_2
Change Net Name : Old Net Name=NetR19_M1_1 New Net Name=NetR19A_1
Change Net Name : Old Net Name=NetR19_M1_2 New Net Name=NetR19A_2
Change Net Name : Old Net Name=NetR19_M2_1 New Net Name=NetR19B_1
Change Net Name : Old Net Name=NetR19_M2_2 New Net Name=NetR19B_2
Change Net Name : Old Net Name=NetR22_M1_1 New Net Name=NetR22A_1
Change Net Name : Old Net Name=NetR22_M1_2 New Net Name=NetR22A_2
Change Net Name : Old Net Name=NetR22_M2_1 New Net Name=NetR22B_1
Change Net Name : Old Net Name=NetR22_M2_2 New Net Name=NetR22B_2
Change Net Name : Old Net Name=NetR25_M1_2 New Net Name=NetR25A_2
Change Net Name : Old Net Name=NetR25_M2_2 New Net Name=NetR25B_2
Change Net Name : Old Net Name=NetR27_M1_2 New Net Name=NetR27A_2
Change Net Name : Old Net Name=NetR27_M2_2 New Net Name=NetR27B_2
Change Net Name : Old Net Name=NetR28_M1_2 New Net Name=NetR28A_2
Change Net Name : Old Net Name=NetR28_M2_2 New Net Name=NetR28B_2
Change Net Name : Old Net Name=NetR29_M1_2 New Net Name=NetR29A_2
Change Net Name : Old Net Name=NetR29_M2_2 New Net Name=NetR29B_2
Change Net Name : Old Net Name=NetT1_M1_2 New Net Name=NetT1A_2
Change Net Name : Old Net Name=NetT1_M1_4 New Net Name=NetT1A_4
Change Net Name : Old Net Name=NetT1_M2_2 New Net Name=NetT1B_2
Change Net Name : Old Net Name=NetT1_M2_4 New Net Name=NetT1B_4
Change Net Name : Old Net Name=NetT2_M1_2 New Net Name=NetT2A_2
Change Net Name : Old Net Name=NetT2_M1_4 New Net Name=NetT2A_4
Change Net Name : Old Net Name=NetT2_M2_2 New Net Name=NetT2B_2
Change Net Name : Old Net Name=NetT2_M2_4 New Net Name=NetT2B_4
Change Net Name : Old Net Name=NetT3_M1_2 New Net Name=NetT3A_2
Change Net Name : Old Net Name=NetT3_M1_4 New Net Name=NetT3A_4
Change Net Name : Old Net Name=NetT3_M2_2 New Net Name=NetT3B_2
Change Net Name : Old Net Name=NetT3_M2_4 New Net Name=NetT3B_4
Change Net Name : Old Net Name=NetU3_M1_11 New Net Name=NetU3A_11
Change Net Name : Old Net Name=NetU3_M1_12 New Net Name=NetU3A_12
Change Net Name : Old Net Name=NetU3_M1_17 New Net Name=NetU3A_17
Change Net Name : Old Net Name=NetU3_M1_18 New Net Name=NetU3A_18
Change Net Name : Old Net Name=NetU3_M1_21 New Net Name=NetU3A_21
Change Net Name : Old Net Name=NetU3_M1_22 New Net Name=NetU3A_22
Change Net Name : Old Net Name=NetU3_M1_23 New Net Name=NetU3A_23
Change Net Name : Old Net Name=NetU3_M1_24 New Net Name=NetU3A_24
Change Net Name : Old Net Name=NetU3_M1_25 New Net Name=NetU3A_25
Change Net Name : Old Net Name=NetU3_M1_26 New Net Name=NetU3A_26
Change Net Name : Old Net Name=NetU3_M2_21 New Net Name=NetU3B_21
Change Net Name : Old Net Name=NetU3_M2_22 New Net Name=NetU3B_22
Change Net Name : Old Net Name=NetU3_M2_23 New Net Name=NetU3B_23
Change Net Name : Old Net Name=NetU3_M2_24 New Net Name=NetU3B_24
Change Net Name : Old Net Name=NetU3_M2_25 New Net Name=NetU3B_25
Change Net Name : Old Net Name=NetU3_M2_26 New Net Name=NetU3B_26
