Added Component: Designator=*(USB/SM0.8-6H5)
Added Component: Designator=C1(1608[0603])
Added Component: Designator=C1(1608[0603])
Added Component: Designator=C1(1608[0603])
Added Component: Designator=C2(1608[0603])
Added Component: Designator=C2(1608[0603])
Added Component: Designator=C2(1608[0603])
Added Component: Designator=C3(1608[0603])
Added Component: Designator=C3(1608[0603])
Added Component: Designator=C3(1608[0603])
Added Component: Designator=C4(1608[0603])
Added Component: Designator=C4(1608[0603])
Added Component: Designator=C4(1608[0603])
Added Component: Designator=C5(1608[0603])
Added Component: Designator=C5(1608[0603])
Added Component: Designator=C6(1608[0603])
Added Component: Designator=C6(1608[0603])
Added Component: Designator=C7(1608[0603])
Added Component: Designator=C8(1608[0603])
Added Component: Designator=C9(1608[0603])
Added Component: Designator=C10(1608[0603])
Added Component: Designator=C10(1608[0603])
Added Component: Designator=C11(1608[0603])
Added Component: Designator=D1(J1-0603)
Added Component: Designator=D1(J1-0603)
Added Component: Designator=D2(J1-0603)
Added Component: Designator=D2(J1-0603)
Added Component: Designator=P1(MHDR1X3)
Added Component: Designator=R1(J1-0603)
Added Component: Designator=R1(J1-0603)
Added Component: Designator=R1(J1-0603)
Added Component: Designator=R2(J1-0603)
Added Component: Designator=R2(J1-0603)
Added Component: Designator=R3(J1-0603)
Added Component: Designator=R3(J1-0603)
Added Component: Designator=R4(J1-0603)
Added Component: Designator=R4(J1-0603)
Added Component: Designator=R5(J1-0603)
Added Component: Designator=R5(J1-0603)
Added Component: Designator=R6(J1-0603)
Added Component: Designator=R6(J1-0603)
Added Component: Designator=R7(J1-0603)
Added Component: Designator=R7(J1-0603)
Added Component: Designator=R8(J1-0603)
Added Component: Designator=R8(J1-0603)
Added Component: Designator=R9(J1-0603)
Added Component: Designator=R9(J1-0603)
Added Component: Designator=R9(J1-0603)
Added Component: Designator=R10(J1-0603)
Added Component: Designator=R11(J1-0603)
Added Component: Designator=R12(14-1210)
Added Component: Designator=R13(J1-0603)
Added Component: Designator=R14(J1-0603)
Added Component: Designator=R15(J1-0603)
Added Component: Designator=R16(J1-0603)
Added Component: Designator=R17(J1-0603)
Added Component: Designator=R17(J1-0603)
Added Component: Designator=R18(J1-0603)
Added Component: Designator=R19(J1-0603)
Added Component: Designator=SER(HDR1X3)
Added Component: Designator=T1(SOIC127P600-8L)
Added Component: Designator=T2(SOIC127P600-8L)
Added Component: Designator=T3(SOIC127P600-8L)
Added Component: Designator=U1(SSOP-SS28_N)
Added Component: Designator=U1(SOT486-1_V)
Added Component: Designator=U2(MP05A_N)
Added Component: Designator=U2(SOT-23-OT5_N)
Added Component: Designator=U2(D8_N)
Added Component: Designator=U3(MP05A_N)
Added Component: Designator=U3(SOIC-OA8_N)
Added Component: Designator=U3(QFN-24_N)
Added Component: Designator=U4(MP05A_N)
Added Component: Designator=U4(SOIC-OA8_N)
Added Component: Designator=U5(SOIC-OA8_N)
Added Pin To Net: NetName=GND Pin=*-5
Added Pin To Net: NetName=GND Pin=C1-1
Added Pin To Net: NetName=GND Pin=C1-1
Added Pin To Net: NetName=GND Pin=C1-1
Added Pin To Net: NetName=V3.3 Pin=C1-2
Added Pin To Net: NetName=VBATT Pin=C1-2
Added Pin To Net: NetName=GND Pin=C2-1
Added Pin To Net: NetName=GND Pin=C2-1
Added Pin To Net: NetName=V3.3 Pin=C2-1
Added Pin To Net: NetName=GND Pin=C2-2
Added Pin To Net: NetName=VBATT Pin=C2-2
Added Pin To Net: NetName=GND Pin=C3-1
Added Pin To Net: NetName=GND Pin=C3-1
Added Pin To Net: NetName=GND Pin=C3-2
Added Pin To Net: NetName=VBATT Pin=C3-2
Added Pin To Net: NetName=VBATT Pin=C3-2
Added Pin To Net: NetName=GND Pin=C4-1
Added Pin To Net: NetName=GND Pin=C4-1
Added Pin To Net: NetName=GND Pin=C4-1
Added Pin To Net: NetName=V3.3 Pin=C4-2
Added Pin To Net: NetName=VBATT Pin=C4-2
Added Pin To Net: NetName=VBATT Pin=C4-2
Added Pin To Net: NetName=GND Pin=C5-1
Added Pin To Net: NetName=GND Pin=C5-1
Added Pin To Net: NetName=VBATT Pin=C5-2
Added Pin To Net: NetName=GND Pin=C6-1
Added Pin To Net: NetName=GND Pin=C6-1
Added Pin To Net: NetName=VBATT Pin=C6-2
Added Pin To Net: NetName=VBATT Pin=C6-2
Added Pin To Net: NetName=GND Pin=C7-1
Added Pin To Net: NetName=MOTOR_CURRENT Pin=C7-2
Added Pin To Net: NetName=GND Pin=C8-1
Added Pin To Net: NetName=NetC8_2 Pin=C8-2
Added Pin To Net: NetName=GND Pin=C9-1
Added Pin To Net: NetName=NetC9_2 Pin=C9-2
Added Pin To Net: NetName=GND Pin=C10-1
Added Pin To Net: NetName=GND Pin=C10-1
Added Pin To Net: NetName=V3.3 Pin=C10-2
Added Pin To Net: NetName=V3.3 Pin=C10-2
Added Pin To Net: NetName=GND Pin=C11-1
Added Pin To Net: NetName=V3.3 Pin=C11-2
Added Pin To Net: NetName=V3.3 Pin=D1-1
Added Pin To Net: NetName=V3.3 Pin=D1-1
Added Pin To Net: NetName=NetD1_2 Pin=D1-2
Added Pin To Net: NetName=V3.3 Pin=D2-1
Added Pin To Net: NetName=V3.3 Pin=D2-1
Added Pin To Net: NetName=NetD2_2 Pin=D2-2
Added Pin To Net: NetName=M1 Pin=P1-1
Added Pin To Net: NetName=M2 Pin=P1-2
Added Pin To Net: NetName=M3 Pin=P1-3
Added Pin To Net: NetName=GND Pin=R1-1
Added Pin To Net: NetName=NetD2_2 Pin=R1-1
Added Pin To Net: NetName=NetR1_1 Pin=R1-1
Added Pin To Net: NetName=NetR1_2 Pin=R1-2
Added Pin To Net: NetName=NetD1_2 Pin=R2-1
Added Pin To Net: NetName=NetR2_1 Pin=R2-1
Added Pin To Net: NetName=NetR2_2 Pin=R2-2
Added Pin To Net: NetName=NetR3_1 Pin=R3-1
Added Pin To Net: NetName=VBATT Pin=R3-1
Added Pin To Net: NetName=NetR3_2 Pin=R3-2
Added Pin To Net: NetName=GND Pin=R4-1
Added Pin To Net: NetName=M1 Pin=R4-1
Added Pin To Net: NetName=NetR3_2 Pin=R4-2
Added Pin To Net: NetName=M2 Pin=R5-1
Added Pin To Net: NetName=NetR3_2 Pin=R5-2
Added Pin To Net: NetName=V3.3 Pin=R6-1
Added Pin To Net: NetName=M3 Pin=R6-2
Added Pin To Net: NetName=GND Pin=R7-1
Added Pin To Net: NetName=GND Pin=R7-2
Added Pin To Net: NetName=GND Pin=R8-2
Added Pin To Net: NetName=GND Pin=R9-1
Added Pin To Net: NetName=GND Pin=R9-1
Added Pin To Net: NetName=GND Pin=R9-2
Added Pin To Net: NetName=NetR10_2 Pin=R10-2
Added Pin To Net: NetName=NetR11_2 Pin=R11-2
Added Pin To Net: NetName=GND Pin=R12-1
Added Pin To Net: NetName=NetR12_2 Pin=R12-2
Added Pin To Net: NetName=NetR13_1 Pin=R13-1
Added Pin To Net: NetName=NetR13_2 Pin=R13-2
Added Pin To Net: NetName=GND Pin=R14-1
Added Pin To Net: NetName=NetR13_1 Pin=R14-2
Added Pin To Net: NetName=NetR12_2 Pin=R15-1
Added Pin To Net: NetName=NetC8_2 Pin=R15-2
Added Pin To Net: NetName=NetC8_2 Pin=R16-1
Added Pin To Net: NetName=NetR16_2 Pin=R16-2
Added Pin To Net: NetName=NetR13_2 Pin=R17-1
Added Pin To Net: NetName=V3.3 Pin=R17-1
Added Pin To Net: NetName=MOTOR_CURRENT Pin=R17-2
Added Pin To Net: NetName=NetR17_2 Pin=R17-2
Added Pin To Net: NetName=GND Pin=R18-1
Added Pin To Net: NetName=GND Pin=R19-1
Added Pin To Net: NetName=GND Pin=SER-3
Added Pin To Net: NetName=NetR12_2 Pin=T1-1
Added Pin To Net: NetName=NetT1_2 Pin=T1-2
Added Pin To Net: NetName=M3 Pin=T1-3
Added Pin To Net: NetName=NetT1_4 Pin=T1-4
Added Pin To Net: NetName=VBATT Pin=T1-5
Added Pin To Net: NetName=VBATT Pin=T1-6
Added Pin To Net: NetName=M3 Pin=T1-7
Added Pin To Net: NetName=M3 Pin=T1-8
Added Pin To Net: NetName=NetR12_2 Pin=T2-1
Added Pin To Net: NetName=NetT2_2 Pin=T2-2
Added Pin To Net: NetName=M2 Pin=T2-3
Added Pin To Net: NetName=NetT2_4 Pin=T2-4
Added Pin To Net: NetName=VBATT Pin=T2-5
Added Pin To Net: NetName=VBATT Pin=T2-6
Added Pin To Net: NetName=M2 Pin=T2-7
Added Pin To Net: NetName=M2 Pin=T2-8
Added Pin To Net: NetName=NetR12_2 Pin=T3-1
Added Pin To Net: NetName=NetT3_2 Pin=T3-2
Added Pin To Net: NetName=M1 Pin=T3-3
Added Pin To Net: NetName=NetT3_4 Pin=T3-4
Added Pin To Net: NetName=VBATT Pin=T3-5
Added Pin To Net: NetName=VBATT Pin=T3-6
Added Pin To Net: NetName=M1 Pin=T3-7
Added Pin To Net: NetName=M1 Pin=T3-8
Added Pin To Net: NetName=NetR17_2 Pin=U1-1
Added Pin To Net: NetName=NetR10_2 Pin=U1-2
Added Pin To Net: NetName=NetR11_2 Pin=U1-3
Added Pin To Net: NetName=GND Pin=U1-4
Added Pin To Net: NetName=MOTOR_CURRENT Pin=U1-4
Added Pin To Net: NetName=NetR1_1 Pin=U1-5
Added Pin To Net: NetName=NetR2_1 Pin=U1-6
Added Pin To Net: NetName=NetR3_1 Pin=U1-7
Added Pin To Net: NetName=GND Pin=U1-8
Added Pin To Net: NetName=NetU1_11 Pin=U1-11
Added Pin To Net: NetName=NetU1_12 Pin=U1-12
Added Pin To Net: NetName=V3.3 Pin=U1-13
Added Pin To Net: NetName=NetU1_17 Pin=U1-17
Added Pin To Net: NetName=NetU1_18 Pin=U1-18
Added Pin To Net: NetName=GND Pin=U1-19
Added Pin To Net: NetName=GND Pin=U1-19
Added Pin To Net: NetName=NetC9_2 Pin=U1-20
Added Pin To Net: NetName=NetU1_21 Pin=U1-21
Added Pin To Net: NetName=NetU1_22 Pin=U1-22
Added Pin To Net: NetName=GND Pin=U1-23
Added Pin To Net: NetName=NetU1_23 Pin=U1-23
Added Pin To Net: NetName=NetU1_24 Pin=U1-24
Added Pin To Net: NetName=NetU1_25 Pin=U1-25
Added Pin To Net: NetName=NetU1_26 Pin=U1-26
Added Pin To Net: NetName=GND Pin=U1-27
Added Pin To Net: NetName=V3.3 Pin=U1-28
Added Pin To Net: NetName=NetR2_2 Pin=U1-32
Added Pin To Net: NetName=NetR1_2 Pin=U1-34
Added Pin To Net: NetName=GND Pin=U1-40
Added Pin To Net: NetName=GND Pin=U1-76
Added Pin To Net: NetName=GND Pin=U1-109
Added Pin To Net: NetName=GND Pin=U1-135
Added Pin To Net: NetName=NetR13_2 Pin=U2-1
Added Pin To Net: NetName=VBATT Pin=U2-1
Added Pin To Net: NetName=GND Pin=U2-2
Added Pin To Net: NetName=NetR16_2 Pin=U2-3
Added Pin To Net: NetName=GND Pin=U2-4
Added Pin To Net: NetName=NetR13_1 Pin=U2-4
Added Pin To Net: NetName=VBATT Pin=U2-4
Added Pin To Net: NetName=GND Pin=U2-5
Added Pin To Net: NetName=V3.3 Pin=U2-5
Added Pin To Net: NetName=VBATT Pin=U2-5
Added Pin To Net: NetName=GND Pin=U3-1
Added Pin To Net: NetName=VBATT Pin=U3-1
Added Pin To Net: NetName=NetU1_25 Pin=U3-2
Added Pin To Net: NetName=GND Pin=U3-3
Added Pin To Net: NetName=V3.3 Pin=U3-3
Added Pin To Net: NetName=NetU1_26 Pin=U3-4
Added Pin To Net: NetName=VBATT Pin=U3-4
Added Pin To Net: NetName=GND Pin=U3-5
Added Pin To Net: NetName=NetT1_2 Pin=U3-5
Added Pin To Net: NetName=VBATT Pin=U3-6
Added Pin To Net: NetName=NetT1_4 Pin=U3-7
Added Pin To Net: NetName=V3.3 Pin=U3-8
Added Pin To Net: NetName=GND Pin=U3-9
Added Pin To Net: NetName=GND Pin=U3-11
Added Pin To Net: NetName=V3.3 Pin=U3-13
Added Pin To Net: NetName=GND Pin=U3-18
Added Pin To Net: NetName=NetU1_23 Pin=U4-2
Added Pin To Net: NetName=GND Pin=U4-3
Added Pin To Net: NetName=NetU1_24 Pin=U4-4
Added Pin To Net: NetName=VBATT Pin=U4-4
Added Pin To Net: NetName=GND Pin=U4-5
Added Pin To Net: NetName=NetT2_2 Pin=U4-5
Added Pin To Net: NetName=VBATT Pin=U4-6
Added Pin To Net: NetName=NetT2_4 Pin=U4-7
Added Pin To Net: NetName=NetU1_21 Pin=U5-2
Added Pin To Net: NetName=GND Pin=U5-3
Added Pin To Net: NetName=NetU1_22 Pin=U5-4
Added Pin To Net: NetName=NetT3_2 Pin=U5-5
Added Pin To Net: NetName=VBATT Pin=U5-6
Added Pin To Net: NetName=NetT3_4 Pin=U5-7
Added Pin To Net: NetName=DET1 Pin=R18-2
Added Pin To Net: NetName=DET1 Pin=U1-15
Added Net: Name=DET1
Added Pin To Net: NetName=DET2 Pin=R19-2
Added Pin To Net: NetName=DET2 Pin=U1-16
Added Net: Name=DET2
Added Pin To Net: NetName=Net*_2 Pin=*-2
Added Pin To Net: NetName=Net*_2 Pin=U1-20
Added Net: Name=Net*_2
Added Pin To Net: NetName=Net*_3 Pin=*-3
Added Pin To Net: NetName=Net*_3 Pin=U1-18
Added Net: Name=Net*_3
Added Pin To Net: NetName=Net*_4 Pin=*-4
Added Pin To Net: NetName=Net*_4 Pin=U1-22
Added Net: Name=Net*_4
Added Pin To Net: NetName=NetC1_2 Pin=C1-2
Added Pin To Net: NetName=NetC1_2 Pin=U3-10
Added Net: Name=NetC1_2
Added Pin To Net: NetName=NetC3_1 Pin=C3-1
Added Pin To Net: NetName=NetC3_1 Pin=U3-20
Added Net: Name=NetC3_1
Added Pin To Net: NetName=NetR5_1 Pin=R5-1
Added Pin To Net: NetName=NetR5_1 Pin=U1-2
Added Net: Name=NetR5_1
Added Pin To Net: NetName=NetR6_2 Pin=R6-2
Added Pin To Net: NetName=NetR6_2 Pin=U1-42
Added Net: Name=NetR6_2
Added Pin To Net: NetName=NetR7_2 Pin=R7-2
Added Pin To Net: NetName=NetR7_2 Pin=U1-43
Added Net: Name=NetR7_2
Added Pin To Net: NetName=NetR8_2 Pin=R8-2
Added Pin To Net: NetName=NetR8_2 Pin=U1-98
Added Net: Name=NetR8_2
Added Pin To Net: NetName=NetR9_2 Pin=R9-2
Added Pin To Net: NetName=NetR9_2 Pin=U1-102
Added Net: Name=NetR9_2
Added Pin To Net: NetName=NetSER_1 Pin=SER-1
Added Pin To Net: NetName=NetSER_1 Pin=U1-75
Added Net: Name=NetSER_1
Added Pin To Net: NetName=NetSER_2 Pin=SER-2
Added Pin To Net: NetName=NetSER_2 Pin=U1-81
Added Net: Name=NetSER_2
Added Pin To Net: NetName=NetU1_50 Pin=U1-50
Added Net: Name=NetU1_50
Added Pin To Net: NetName=NetU1_51 Pin=U1-51
Added Net: Name=NetU1_51
Added Pin To Net: NetName=NetU1_52 Pin=U1-52
Added Net: Name=NetU1_52
Added Pin To Net: NetName=NetU1_53 Pin=U1-53
Added Net: Name=NetU1_53
Added Pin To Net: NetName=NetU1_55 Pin=U1-55
Added Net: Name=NetU1_55
Added Pin To Net: NetName=NetU1_56 Pin=U1-56
Added Net: Name=NetU1_56
Added Pin To Net: NetName=NetU1_62 Pin=U1-62
Added Net: Name=NetU1_62
Added Pin To Net: NetName=NetU1_87 Pin=U1-87
Added Net: Name=NetU1_87
Added Pin To Net: NetName=NetU1_88 Pin=U1-88
Added Net: Name=NetU1_88
Added Pin To Net: NetName=NetU1_92 Pin=U1-92
Added Net: Name=NetU1_92
Added Pin To Net: NetName=NetU1_93 Pin=U1-93
Added Net: Name=NetU1_93
Added Pin To Net: NetName=NetU1_118 Pin=U1-118
Added Pin To Net: NetName=NetU1_118 Pin=U2-7
Added Net: Name=NetU1_118
Added Pin To Net: NetName=NetU1_119 Pin=U1-119
Added Pin To Net: NetName=NetU1_119 Pin=U2-6
Added Net: Name=NetU1_119
Added Pin To Net: NetName=NetU1_121 Pin=U1-121
Added Pin To Net: NetName=NetU1_121 Pin=U2-3
Added Net: Name=NetU1_121
Added Pin To Net: NetName=NetU1_122 Pin=U1-122
Added Pin To Net: NetName=NetU1_122 Pin=U2-2
Added Net: Name=NetU1_122
Added Pin To Net: NetName=NetU1_123 Pin=U1-123
Added Pin To Net: NetName=NetU1_123 Pin=U2-8
Added Net: Name=NetU1_123
Added Pin To Net: NetName=NetU1_124 Pin=U1-124
Added Pin To Net: NetName=NetU1_124 Pin=U2-1
Added Net: Name=NetU1_124
Added Pin To Net: NetName=NetU3_12 Pin=U3-12
Added Net: Name=NetU3_12
Added Pin To Net: NetName=NetU3_23 Pin=U3-23
Added Net: Name=NetU3_23
Added Pin To Net: NetName=NetU3_24 Pin=U3-24
Added Net: Name=NetU3_24
Added Pin To Net: NetName=USB0_VBUS Pin=*-1
Added Pin To Net: NetName=USB0_VBUS Pin=R8-1
Added Pin To Net: NetName=USB0_VBUS Pin=R9-2
Added Pin To Net: NetName=USB0_VBUS Pin=U1-21
Added Net: Name=USB0_VBUS
Added Pin To Net: NetName=V3.3MCU Pin=C2-2
Added Pin To Net: NetName=V3.3MCU Pin=U1-5
Added Pin To Net: NetName=V3.3MCU Pin=U1-16
Added Pin To Net: NetName=V3.3MCU Pin=U1-17
Added Pin To Net: NetName=V3.3MCU Pin=U1-25
Added Pin To Net: NetName=V3.3MCU Pin=U1-36
Added Pin To Net: NetName=V3.3MCU Pin=U1-41
Added Pin To Net: NetName=V3.3MCU Pin=U1-59
Added Pin To Net: NetName=V3.3MCU Pin=U1-71
Added Pin To Net: NetName=V3.3MCU Pin=U1-77
Added Pin To Net: NetName=V3.3MCU Pin=U1-94
Added Pin To Net: NetName=V3.3MCU Pin=U1-107
Added Pin To Net: NetName=V3.3MCU Pin=U1-111
Added Pin To Net: NetName=V3.3MCU Pin=U1-131
Added Pin To Net: NetName=V3.3MCU Pin=U1-137
Added Pin To Net: NetName=V3.3MCU Pin=U1-141
Added Pin To Net: NetName=V3.3MCU Pin=U2-3
Added Net: Name=V3.3MCU
Added Pin To Net: NetName=V5_USB_OUT Pin=C5-2
Added Pin To Net: NetName=V5_USB_OUT Pin=U4-3
Added Net: Name=V5_USB_OUT
Added Class: Name=U_imu
Added Class: Name=U_mcu_base
Added Class: Name=U_power
Added Member To Class: ClassName=U_motor_controller Member=Component C1 1uF
Added Member To Class: ClassName=U_motor_controller Member=Component C2 1uF
Added Member To Class: ClassName=U_motor_controller Member=Component C3 1uF
Added Member To Class: ClassName=U_motor_controller Member=Component C4 0.1uF
Added Member To Class: ClassName=U_motor_controller Member=Component C5 0.1uF
Added Member To Class: ClassName=U_motor_controller Member=Component C6 0.1uF
Added Member To Class: ClassName=U_motor_controller Member=Component C7 33pF
Added Member To Class: ClassName=U_motor_controller Member=Component C8 56pF
Added Member To Class: ClassName=U_motor_controller Member=Component C9 10uF
Added Member To Class: ClassName=U_motor_controller Member=Component C10 0.1uF
Added Member To Class: ClassName=U_motor_controller Member=Component C11 0.1uF
Added Member To Class: ClassName=U_motor_controller Member=Component D1 LED
Added Member To Class: ClassName=U_motor_controller Member=Component D2 LED
Added Member To Class: ClassName=U_motor_controller Member=Component P1 MHDR1X3
Added Member To Class: ClassName=U_motor_controller Member=Component R1 330R
Added Member To Class: ClassName=U_motor_controller Member=Component R2 330R
Added Member To Class: ClassName=U_motor_controller Member=Component R3 330R
Added Member To Class: ClassName=U_motor_controller Member=Component R4 10k
Added Member To Class: ClassName=U_motor_controller Member=Component R5 10k
Added Member To Class: ClassName=U_motor_controller Member=Component R6 10k
Added Member To Class: ClassName=U_motor_controller Member=Component R7 1.74k
Added Member To Class: ClassName=U_motor_controller Member=Component R8 1.74k
Added Member To Class: ClassName=U_motor_controller Member=Component R9 1.74k
Added Member To Class: ClassName=U_motor_controller Member=Component R10 470R
Added Member To Class: ClassName=U_motor_controller Member=Component R11 470R
Added Member To Class: ClassName=U_motor_controller Member=Component R12 50m
Added Member To Class: ClassName=U_motor_controller Member=Component R13 100K
Added Member To Class: ClassName=U_motor_controller Member=Component R14 2K
Added Member To Class: ClassName=U_motor_controller Member=Component R15 1K
Added Member To Class: ClassName=U_motor_controller Member=Component R16 1K
Added Member To Class: ClassName=U_motor_controller Member=Component R17 10k
Added Member To Class: ClassName=U_motor_controller Member=Component R18 1k
Added Member To Class: ClassName=U_motor_controller Member=Component R19 1k
Added Member To Class: ClassName=U_motor_controller Member=Component T1 SI4532DY
Added Member To Class: ClassName=U_motor_controller Member=Component T2 SI4532DY
Added Member To Class: ClassName=U_motor_controller Member=Component T3 SI4532DY
Added Member To Class: ClassName=U_motor_controller Member=Component U1 DSPIC33FJ12MC202-E/SS
Added Member To Class: ClassName=U_motor_controller Member=Component U2 MCP6021T-E/OT
Added Member To Class: ClassName=U_motor_controller Member=Component U3 TC4428ACOA
Added Member To Class: ClassName=U_motor_controller Member=Component U4 TC4428ACOA
Added Member To Class: ClassName=U_motor_controller Member=Component U5 TC4428ACOA
Added Room: Name=U_imu
Added Room: Name=U_mcu_base
Added Room: Name=U_motor_controller
Added Room: Name=U_power
