Added Component: Designator=C1(1608[0603])
Added Component: Designator=C2(1608[0603])
Added Component: Designator=C3(1608[0603])
Added Component: Designator=C4(1608[0603])
Added Component: Designator=C5(1608[0603])
Added Component: Designator=C6(1608[0603])
Added Component: Designator=C7(1608[0603])
Added Component: Designator=C8(1608[0603])
Added Component: Designator=C9(1608[0603])
Added Component: Designator=C10(1608[0603])
Added Component: Designator=C11(1608[0603])
Added Component: Designator=D1(3.2X1.6X1.1)
Added Component: Designator=D2(3.2X1.6X1.1)
Added Component: Designator=P1(MHDR1X3)
Added Component: Designator=R1(J1-0603)
Added Component: Designator=R2(J1-0603)
Added Component: Designator=R3(J1-0603)
Added Component: Designator=R4(J1-0603)
Added Component: Designator=R5(J1-0603)
Added Component: Designator=R6(J1-0603)
Added Component: Designator=R7(J1-0603)
Added Component: Designator=R8(J1-0603)
Added Component: Designator=R9(J1-0603)
Added Component: Designator=R10(J1-0603)
Added Component: Designator=R11(J1-0603)
Added Component: Designator=R12(14-1210)
Added Component: Designator=R13(J1-0603)
Added Component: Designator=R14(J1-0603)
Added Component: Designator=R15(J1-0603)
Added Component: Designator=R16(J1-0603)
Added Component: Designator=R17(J1-0603)
Added Component: Designator=R17(J1-0603)
Added Component: Designator=T1(SOIC127P600-8L)
Added Component: Designator=T2(SOIC127P600-8L)
Added Component: Designator=T3(SOIC127P600-8L)
Added Component: Designator=U1(SSOP-SS28_N)
Added Component: Designator=U2(SOT-23-OT5_N)
Added Component: Designator=U3(SOIC-OA8_N)
Added Component: Designator=U4(SOIC-OA8_N)
Added Component: Designator=U5(SOIC-OA8_N)
Added Pin To Net: NetName=GND Pin=C1-1
Added Pin To Net: NetName=VBATT Pin=C1-2
Added Pin To Net: NetName=GND Pin=C2-1
Added Pin To Net: NetName=VBATT Pin=C2-2
Added Pin To Net: NetName=GND Pin=C3-1
Added Pin To Net: NetName=VBATT Pin=C3-2
Added Pin To Net: NetName=GND Pin=C4-1
Added Pin To Net: NetName=VBATT Pin=C4-2
Added Pin To Net: NetName=GND Pin=C5-1
Added Pin To Net: NetName=VBATT Pin=C5-2
Added Pin To Net: NetName=GND Pin=C6-1
Added Pin To Net: NetName=VBATT Pin=C6-2
Added Pin To Net: NetName=GND Pin=C7-1
Added Pin To Net: NetName=GND Pin=C8-1
Added Pin To Net: NetName=GND Pin=C9-1
Added Pin To Net: NetName=GND Pin=C10-1
Added Pin To Net: NetName=GND Pin=C11-1
Added Pin To Net: NetName=GND Pin=R7-2
Added Pin To Net: NetName=GND Pin=R8-2
Added Pin To Net: NetName=GND Pin=R9-2
Added Pin To Net: NetName=GND Pin=R12-1
Added Pin To Net: NetName=GND Pin=R14-1
Added Pin To Net: NetName=VBATT Pin=T1-5
Added Pin To Net: NetName=VBATT Pin=T1-6
Added Pin To Net: NetName=VBATT Pin=T2-5
Added Pin To Net: NetName=VBATT Pin=T2-6
Added Pin To Net: NetName=VBATT Pin=T3-5
Added Pin To Net: NetName=VBATT Pin=T3-6
Added Pin To Net: NetName=GND Pin=U1-8
Added Pin To Net: NetName=GND Pin=U1-19
Added Pin To Net: NetName=GND Pin=U1-27
Added Pin To Net: NetName=GND Pin=U2-2
Added Pin To Net: NetName=VBATT Pin=U2-5
Added Pin To Net: NetName=GND Pin=U3-3
Added Pin To Net: NetName=VBATT Pin=U3-6
Added Pin To Net: NetName=GND Pin=U4-3
Added Pin To Net: NetName=VBATT Pin=U4-6
Added Pin To Net: NetName=GND Pin=U5-3
Added Pin To Net: NetName=VBATT Pin=U5-6
Added Pin To Net: NetName=M1 Pin=P1-1
Added Pin To Net: NetName=M1 Pin=R4-1
Added Pin To Net: NetName=M1 Pin=T3-3
Added Pin To Net: NetName=M1 Pin=T3-7
Added Pin To Net: NetName=M1 Pin=T3-8
Added Net: Name=M1
Added Pin To Net: NetName=M2 Pin=P1-2
Added Pin To Net: NetName=M2 Pin=R5-1
Added Pin To Net: NetName=M2 Pin=T2-3
Added Pin To Net: NetName=M2 Pin=T2-7
Added Pin To Net: NetName=M2 Pin=T2-8
Added Net: Name=M2
Added Pin To Net: NetName=M3 Pin=P1-3
Added Pin To Net: NetName=M3 Pin=R6-2
Added Pin To Net: NetName=M3 Pin=T1-3
Added Pin To Net: NetName=M3 Pin=T1-7
Added Pin To Net: NetName=M3 Pin=T1-8
Added Net: Name=M3
Added Pin To Net: NetName=MOTOR_CURRENT Pin=C7-2
Added Pin To Net: NetName=MOTOR_CURRENT Pin=R17-2
Added Pin To Net: NetName=MOTOR_CURRENT Pin=U1-4
Added Net: Name=MOTOR_CURRENT
Added Pin To Net: NetName=NetC8_2 Pin=C8-2
Added Pin To Net: NetName=NetC8_2 Pin=R15-2
Added Pin To Net: NetName=NetC8_2 Pin=R16-1
Added Net: Name=NetC8_2
Added Pin To Net: NetName=NetC9_2 Pin=C9-2
Added Pin To Net: NetName=NetC9_2 Pin=U1-20
Added Net: Name=NetC9_2
Added Pin To Net: NetName=NetD1_2 Pin=D1-2
Added Pin To Net: NetName=NetD1_2 Pin=R11-1
Added Net: Name=NetD1_2
Added Pin To Net: NetName=NetD2_2 Pin=D2-2
Added Pin To Net: NetName=NetD2_2 Pin=R10-1
Added Net: Name=NetD2_2
Added Pin To Net: NetName=NetR1_1 Pin=R1-1
Added Pin To Net: NetName=NetR1_1 Pin=U1-5
Added Net: Name=NetR1_1
Added Pin To Net: NetName=NetR1_2 Pin=R1-2
Added Pin To Net: NetName=NetR1_2 Pin=R4-2
Added Pin To Net: NetName=NetR1_2 Pin=R7-1
Added Net: Name=NetR1_2
Added Pin To Net: NetName=NetR2_1 Pin=R2-1
Added Pin To Net: NetName=NetR2_1 Pin=U1-6
Added Net: Name=NetR2_1
Added Pin To Net: NetName=NetR2_2 Pin=R2-2
Added Pin To Net: NetName=NetR2_2 Pin=R5-2
Added Pin To Net: NetName=NetR2_2 Pin=R8-1
Added Net: Name=NetR2_2
Added Pin To Net: NetName=NetR3_1 Pin=R3-1
Added Pin To Net: NetName=NetR3_1 Pin=U1-7
Added Net: Name=NetR3_1
Added Pin To Net: NetName=NetR3_2 Pin=R3-2
Added Pin To Net: NetName=NetR3_2 Pin=R6-1
Added Pin To Net: NetName=NetR3_2 Pin=R9-1
Added Net: Name=NetR3_2
Added Pin To Net: NetName=NetR10_2 Pin=R10-2
Added Pin To Net: NetName=NetR10_2 Pin=U1-2
Added Net: Name=NetR10_2
Added Pin To Net: NetName=NetR11_2 Pin=R11-2
Added Pin To Net: NetName=NetR11_2 Pin=U1-3
Added Net: Name=NetR11_2
Added Pin To Net: NetName=NetR12_2 Pin=R12-2
Added Pin To Net: NetName=NetR12_2 Pin=R15-1
Added Pin To Net: NetName=NetR12_2 Pin=T1-1
Added Pin To Net: NetName=NetR12_2 Pin=T2-1
Added Pin To Net: NetName=NetR12_2 Pin=T3-1
Added Net: Name=NetR12_2
Added Pin To Net: NetName=NetR13_1 Pin=R13-1
Added Pin To Net: NetName=NetR13_1 Pin=R14-2
Added Pin To Net: NetName=NetR13_1 Pin=U2-4
Added Net: Name=NetR13_1
Added Pin To Net: NetName=NetR13_2 Pin=R13-2
Added Pin To Net: NetName=NetR13_2 Pin=R17-1
Added Pin To Net: NetName=NetR13_2 Pin=U2-1
Added Net: Name=NetR13_2
Added Pin To Net: NetName=NetR16_2 Pin=R16-2
Added Pin To Net: NetName=NetR16_2 Pin=U2-3
Added Net: Name=NetR16_2
Added Pin To Net: NetName=NetR17_2 Pin=R17-2
Added Pin To Net: NetName=NetR17_2 Pin=U1-1
Added Net: Name=NetR17_2
Added Pin To Net: NetName=NetT1_2 Pin=T1-2
Added Pin To Net: NetName=NetT1_2 Pin=U3-5
Added Net: Name=NetT1_2
Added Pin To Net: NetName=NetT1_4 Pin=T1-4
Added Pin To Net: NetName=NetT1_4 Pin=U3-7
Added Net: Name=NetT1_4
Added Pin To Net: NetName=NetT2_2 Pin=T2-2
Added Pin To Net: NetName=NetT2_2 Pin=U4-5
Added Net: Name=NetT2_2
Added Pin To Net: NetName=NetT2_4 Pin=T2-4
Added Pin To Net: NetName=NetT2_4 Pin=U4-7
Added Net: Name=NetT2_4
Added Pin To Net: NetName=NetT3_2 Pin=T3-2
Added Pin To Net: NetName=NetT3_2 Pin=U5-5
Added Net: Name=NetT3_2
Added Pin To Net: NetName=NetT3_4 Pin=T3-4
Added Pin To Net: NetName=NetT3_4 Pin=U5-7
Added Net: Name=NetT3_4
Added Pin To Net: NetName=NetU1_11 Pin=U1-11
Added Net: Name=NetU1_11
Added Pin To Net: NetName=NetU1_12 Pin=U1-12
Added Net: Name=NetU1_12
Added Pin To Net: NetName=NetU1_17 Pin=U1-17
Added Net: Name=NetU1_17
Added Pin To Net: NetName=NetU1_18 Pin=U1-18
Added Net: Name=NetU1_18
Added Pin To Net: NetName=NetU1_21 Pin=U1-21
Added Pin To Net: NetName=NetU1_21 Pin=U5-2
Added Net: Name=NetU1_21
Added Pin To Net: NetName=NetU1_22 Pin=U1-22
Added Pin To Net: NetName=NetU1_22 Pin=U5-4
Added Net: Name=NetU1_22
Added Pin To Net: NetName=NetU1_23 Pin=U1-23
Added Pin To Net: NetName=NetU1_23 Pin=U4-2
Added Net: Name=NetU1_23
Added Pin To Net: NetName=NetU1_24 Pin=U1-24
Added Pin To Net: NetName=NetU1_24 Pin=U4-4
Added Net: Name=NetU1_24
Added Pin To Net: NetName=NetU1_25 Pin=U1-25
Added Pin To Net: NetName=NetU1_25 Pin=U3-2
Added Net: Name=NetU1_25
Added Pin To Net: NetName=NetU1_26 Pin=U1-26
Added Pin To Net: NetName=NetU1_26 Pin=U3-4
Added Net: Name=NetU1_26
Added Pin To Net: NetName=V3.3 Pin=C10-2
Added Pin To Net: NetName=V3.3 Pin=C11-2
Added Pin To Net: NetName=V3.3 Pin=D1-1
Added Pin To Net: NetName=V3.3 Pin=D2-1
Added Pin To Net: NetName=V3.3 Pin=R17-1
Added Pin To Net: NetName=V3.3 Pin=U1-13
Added Pin To Net: NetName=V3.3 Pin=U1-28
Added Net: Name=V3.3
Added Class: Name=U_motor_controller
Added Room: Name=U_motor_controller
