Removed Member From Class: ClassName=M2 Member=C3A
Removed Member From Class: ClassName=M2 Member=C5A
Removed Member From Class: ClassName=M2 Member=C6A
Removed Member From Class: ClassName=M2 Member=C11A
Removed Member From Class: ClassName=M2 Member=C12A
Removed Member From Class: ClassName=M2 Member=R11A
Removed Member From Class: ClassName=M2 Member=R14A
Removed Member From Class: ClassName=M2 Member=R16A
Removed Member From Class: ClassName=M2 Member=R17A
Removed Member From Class: ClassName=M2 Member=R18A
Removed Member From Class: ClassName=M2 Member=R19A
Removed Member From Class: ClassName=M2 Member=R21A
Removed Member From Class: ClassName=M2 Member=R22A
Removed Member From Class: ClassName=M2 Member=R23A
Removed Member From Class: ClassName=M2 Member=R24A
Removed Member From Class: ClassName=M2 Member=R25A
Removed Member From Class: ClassName=M2 Member=R26A
Removed Member From Class: ClassName=M2 Member=R27A
Removed Member From Class: ClassName=M2 Member=R30A
Removed Member From Class: ClassName=M2 Member=T1A
Removed Member From Class: ClassName=M2 Member=T2A
Removed Member From Class: ClassName=M2 Member=T3A
Removed Member From Class: ClassName=M2 Member=U5A
Removed Member From Class: ClassName=M2 Member=U6A
Added Component: Designator=C2C(1608[0603])
Added Component: Designator=C3C(1608[0603])
Added Component: Designator=C4C(1608[0603])
Added Component: Designator=C5C(1608[0603])
Added Component: Designator=C6C(1608[0603])
Added Component: Designator=C7C(1608[0603])
Added Component: Designator=C11C(1608[0603])
Added Component: Designator=C12C(1608[0603])
Added Component: Designator=D3C(J1-0603)
Added Component: Designator=D4C(J1-0603)
Added Component: Designator=DET1C(J1-0603)
Added Component: Designator=DET2C(J1-0603)
Added Component: Designator=R11C(J1-0603)
Added Component: Designator=R14C(J1-0603)
Added Component: Designator=R15C(J1-0603)
Added Component: Designator=R16C(J1-0603)
Added Component: Designator=R17C(J1-0603)
Added Component: Designator=R18C(J1-0603)
Added Component: Designator=R19C(J1-0603)
Added Component: Designator=R20C(J1-0603)
Added Component: Designator=R21C(J1-0603)
Added Component: Designator=R22C(J1-0603)
Added Component: Designator=R23C(J1-0603)
Added Component: Designator=R24C(J1-0603)
Added Component: Designator=R25C(14-1210)
Added Component: Designator=R26C(J1-0603)
Added Component: Designator=R27C(J1-0603)
Added Component: Designator=R28C(J1-0603)
Added Component: Designator=R29C(J1-0603)
Added Component: Designator=R30C(J1-0603)
Added Component: Designator=T1C(SOIC127P600-8L)
Added Component: Designator=T2C(SOIC127P600-8L)
Added Component: Designator=T3C(SOIC127P600-8L)
Added Component: Designator=U3C(SSOP-SS28_N)
Added Component: Designator=U4C(SOIC-OA8_N)
Added Component: Designator=U5C(SOIC-OA8_N)
Added Component: Designator=U6C(SOIC-OA8_N)
Added Component: Designator=U7C(SOT-23-OT5_N)
Added Pin To Net: NetName=GND Pin=C2C-1
Added Pin To Net: NetName=GND Pin=C3C-1
Added Pin To Net: NetName=V3.3 Pin=C3C-2
Added Pin To Net: NetName=GND Pin=C4C-1
Added Pin To Net: NetName=V3.3 Pin=C4C-2
Added Pin To Net: NetName=GND Pin=C5C-1
Added Pin To Net: NetName=VBATT Pin=C5C-2
Added Pin To Net: NetName=GND Pin=C6C-1
Added Pin To Net: NetName=VBATT Pin=C6C-2
Added Pin To Net: NetName=GND Pin=C7C-1
Added Pin To Net: NetName=VBATT Pin=C7C-2
Added Pin To Net: NetName=GND Pin=C11C-1
Added Pin To Net: NetName=GND Pin=C12C-1
Added Pin To Net: NetName=V3.3 Pin=D3C-1
Added Pin To Net: NetName=V3.3 Pin=D4C-1
Added Pin To Net: NetName=GND Pin=DET1C-1
Added Pin To Net: NetName=GND Pin=DET2C-1
Added Pin To Net: NetName=V3.3 Pin=R11C-1
Added Pin To Net: NetName=GND Pin=R18C-2
Added Pin To Net: NetName=GND Pin=R21C-2
Added Pin To Net: NetName=GND Pin=R24C-2
Added Pin To Net: NetName=GND Pin=R25C-1
Added Pin To Net: NetName=GND Pin=R27C-1
Added Pin To Net: NetName=VBATT Pin=T1C-5
Added Pin To Net: NetName=VBATT Pin=T1C-6
Added Pin To Net: NetName=VBATT Pin=T2C-5
Added Pin To Net: NetName=VBATT Pin=T2C-6
Added Pin To Net: NetName=VBATT Pin=T3C-5
Added Pin To Net: NetName=VBATT Pin=T3C-6
Added Pin To Net: NetName=GND Pin=U3C-8
Added Pin To Net: NetName=V3.3 Pin=U3C-13
Added Pin To Net: NetName=GND Pin=U3C-19
Added Pin To Net: NetName=GND Pin=U3C-27
Added Pin To Net: NetName=V3.3 Pin=U3C-28
Added Pin To Net: NetName=GND Pin=U4C-3
Added Pin To Net: NetName=VBATT Pin=U4C-6
Added Pin To Net: NetName=GND Pin=U5C-3
Added Pin To Net: NetName=VBATT Pin=U5C-6
Added Pin To Net: NetName=GND Pin=U6C-3
Added Pin To Net: NetName=VBATT Pin=U6C-6
Added Pin To Net: NetName=GND Pin=U7C-2
Added Pin To Net: NetName=VBATT Pin=U7C-5
Added Pin To Net: NetName=DET1C Pin=DET1C-2
Added Pin To Net: NetName=DET1C Pin=U3C-15
Added Net: Name=DET1C
Added Pin To Net: NetName=DET2C Pin=DET2C-2
Added Pin To Net: NetName=DET2C Pin=U3C-16
Added Net: Name=DET2C
Added Pin To Net: NetName=M1C Pin=R17C-1
Added Pin To Net: NetName=M1C Pin=T1C-3
Added Pin To Net: NetName=M1C Pin=T1C-7
Added Pin To Net: NetName=M1C Pin=T1C-8
Added Net: Name=M1C
Added Pin To Net: NetName=M2C Pin=R20C-1
Added Pin To Net: NetName=M2C Pin=T2C-3
Added Pin To Net: NetName=M2C Pin=T2C-7
Added Pin To Net: NetName=M2C Pin=T2C-8
Added Net: Name=M2C
Added Pin To Net: NetName=M3C Pin=R23C-2
Added Pin To Net: NetName=M3C Pin=T3C-3
Added Pin To Net: NetName=M3C Pin=T3C-7
Added Pin To Net: NetName=M3C Pin=T3C-8
Added Net: Name=M3C
Added Pin To Net: NetName=MOTOR_CURRENTC Pin=C12C-2
Added Pin To Net: NetName=MOTOR_CURRENTC Pin=R30C-2
Added Pin To Net: NetName=MOTOR_CURRENTC Pin=U3C-4
Added Net: Name=MOTOR_CURRENTC
Added Pin To Net: NetName=NetC2C_2 Pin=C2C-2
Added Pin To Net: NetName=NetC2C_2 Pin=U3C-20
Added Net: Name=NetC2C_2
Added Pin To Net: NetName=NetC11C_2 Pin=C11C-2
Added Pin To Net: NetName=NetC11C_2 Pin=R26C-2
Added Pin To Net: NetName=NetC11C_2 Pin=R28C-1
Added Net: Name=NetC11C_2
Added Pin To Net: NetName=NetD3C_2 Pin=D3C-2
Added Pin To Net: NetName=NetD3C_2 Pin=R14C-1
Added Net: Name=NetD3C_2
Added Pin To Net: NetName=NetD4C_2 Pin=D4C-2
Added Pin To Net: NetName=NetD4C_2 Pin=R15C-1
Added Net: Name=NetD4C_2
Added Pin To Net: NetName=NetR11C_2 Pin=R11C-2
Added Pin To Net: NetName=NetR11C_2 Pin=U3C-1
Added Net: Name=NetR11C_2
Added Pin To Net: NetName=NetR14C_2 Pin=R14C-2
Added Pin To Net: NetName=NetR14C_2 Pin=U3C-3
Added Net: Name=NetR14C_2
Added Pin To Net: NetName=NetR15C_2 Pin=R15C-2
Added Pin To Net: NetName=NetR15C_2 Pin=U3C-2
Added Net: Name=NetR15C_2
Added Pin To Net: NetName=NetR16C_1 Pin=R16C-1
Added Pin To Net: NetName=NetR16C_1 Pin=U3C-5
Added Net: Name=NetR16C_1
Added Pin To Net: NetName=NetR16C_2 Pin=R16C-2
Added Pin To Net: NetName=NetR16C_2 Pin=R17C-2
Added Pin To Net: NetName=NetR16C_2 Pin=R18C-1
Added Net: Name=NetR16C_2
Added Pin To Net: NetName=NetR19C_1 Pin=R19C-1
Added Pin To Net: NetName=NetR19C_1 Pin=U3C-6
Added Net: Name=NetR19C_1
Added Pin To Net: NetName=NetR19C_2 Pin=R19C-2
Added Pin To Net: NetName=NetR19C_2 Pin=R20C-2
Added Pin To Net: NetName=NetR19C_2 Pin=R21C-1
Added Net: Name=NetR19C_2
Added Pin To Net: NetName=NetR22C_1 Pin=R22C-1
Added Pin To Net: NetName=NetR22C_1 Pin=U3C-7
Added Net: Name=NetR22C_1
Added Pin To Net: NetName=NetR22C_2 Pin=R22C-2
Added Pin To Net: NetName=NetR22C_2 Pin=R23C-1
Added Pin To Net: NetName=NetR22C_2 Pin=R24C-1
Added Net: Name=NetR22C_2
Added Pin To Net: NetName=NetR25C_2 Pin=R25C-2
Added Pin To Net: NetName=NetR25C_2 Pin=R26C-1
Added Pin To Net: NetName=NetR25C_2 Pin=T1C-1
Added Pin To Net: NetName=NetR25C_2 Pin=T2C-1
Added Pin To Net: NetName=NetR25C_2 Pin=T3C-1
Added Net: Name=NetR25C_2
Added Pin To Net: NetName=NetR27C_2 Pin=R27C-2
Added Pin To Net: NetName=NetR27C_2 Pin=R29C-1
Added Pin To Net: NetName=NetR27C_2 Pin=U7C-4
Added Net: Name=NetR27C_2
Added Pin To Net: NetName=NetR28C_2 Pin=R28C-2
Added Pin To Net: NetName=NetR28C_2 Pin=U7C-3
Added Net: Name=NetR28C_2
Added Pin To Net: NetName=NetR29C_2 Pin=R29C-2
Added Pin To Net: NetName=NetR29C_2 Pin=R30C-1
Added Pin To Net: NetName=NetR29C_2 Pin=U7C-1
Added Net: Name=NetR29C_2
Added Pin To Net: NetName=NetT1C_2 Pin=T1C-2
Added Pin To Net: NetName=NetT1C_2 Pin=U4C-7
Added Net: Name=NetT1C_2
Added Pin To Net: NetName=NetT1C_4 Pin=T1C-4
Added Pin To Net: NetName=NetT1C_4 Pin=U4C-5
Added Net: Name=NetT1C_4
Added Pin To Net: NetName=NetT2C_2 Pin=T2C-2
Added Pin To Net: NetName=NetT2C_2 Pin=U5C-7
Added Net: Name=NetT2C_2
Added Pin To Net: NetName=NetT2C_4 Pin=T2C-4
Added Pin To Net: NetName=NetT2C_4 Pin=U5C-5
Added Net: Name=NetT2C_4
Added Pin To Net: NetName=NetT3C_2 Pin=T3C-2
Added Pin To Net: NetName=NetT3C_2 Pin=U6C-7
Added Net: Name=NetT3C_2
Added Pin To Net: NetName=NetT3C_4 Pin=T3C-4
Added Pin To Net: NetName=NetT3C_4 Pin=U6C-5
Added Net: Name=NetT3C_4
Added Pin To Net: NetName=NetU3C_11 Pin=U3C-11
Added Net: Name=NetU3C_11
Added Pin To Net: NetName=NetU3C_12 Pin=U3C-12
Added Net: Name=NetU3C_12
Added Pin To Net: NetName=NetU3C_17 Pin=U3C-17
Added Net: Name=NetU3C_17
Added Pin To Net: NetName=NetU3C_18 Pin=U3C-18
Added Net: Name=NetU3C_18
Added Pin To Net: NetName=NetU3C_21 Pin=U3C-21
Added Pin To Net: NetName=NetU3C_21 Pin=U4C-4
Added Net: Name=NetU3C_21
Added Pin To Net: NetName=NetU3C_22 Pin=U3C-22
Added Pin To Net: NetName=NetU3C_22 Pin=U4C-2
Added Net: Name=NetU3C_22
Added Pin To Net: NetName=NetU3C_23 Pin=U3C-23
Added Pin To Net: NetName=NetU3C_23 Pin=U5C-4
Added Net: Name=NetU3C_23
Added Pin To Net: NetName=NetU3C_24 Pin=U3C-24
Added Pin To Net: NetName=NetU3C_24 Pin=U5C-2
Added Net: Name=NetU3C_24
Added Pin To Net: NetName=NetU3C_25 Pin=U3C-25
Added Pin To Net: NetName=NetU3C_25 Pin=U6C-4
Added Net: Name=NetU3C_25
Added Pin To Net: NetName=NetU3C_26 Pin=U3C-26
Added Pin To Net: NetName=NetU3C_26 Pin=U6C-2
Added Net: Name=NetU3C_26
Added Class: Name=M1
Added Class: Name=M3
Added Member To Class: ClassName=M2 Member=Component C3B (C3) 0.1uF
Added Member To Class: ClassName=M2 Member=Component C5B (C5) 1uF
Added Member To Class: ClassName=M2 Member=Component C6B (C6) 1uF
Added Member To Class: ClassName=M2 Member=Component C11B (C11) 56pF
Added Member To Class: ClassName=M2 Member=Component C12B (C12) 33pF
Added Member To Class: ClassName=M2 Member=Component R11B (R11) 10k
Added Member To Class: ClassName=M2 Member=Component R14B (R14) 470R
Added Member To Class: ClassName=M2 Member=Component R16B (R16) 330R
Added Member To Class: ClassName=M2 Member=Component R17B (R17) 10k
Added Member To Class: ClassName=M2 Member=Component R18B (R18) 1.74k
Added Member To Class: ClassName=M2 Member=Component R19B (R19) 330R
Added Member To Class: ClassName=M2 Member=Component R21B (R21) 1.74k
Added Member To Class: ClassName=M2 Member=Component R22B (R22) 330R
Added Member To Class: ClassName=M2 Member=Component R23B (R23) 10k
Added Member To Class: ClassName=M2 Member=Component R24B (R24) 1.74k
Added Member To Class: ClassName=M2 Member=Component R25B (R25) 50m
Added Member To Class: ClassName=M2 Member=Component R26B (R26) 1K
Added Member To Class: ClassName=M2 Member=Component R27B (R27) 2K
Added Member To Class: ClassName=M2 Member=Component R30B (R30) 1K
Added Member To Class: ClassName=M2 Member=Component T1B (T1A) SI4532DY
Added Member To Class: ClassName=M2 Member=Component T2B (T2A) SI4532DY
Added Member To Class: ClassName=M2 Member=Component T3B (T3A) SI4532DY
Added Member To Class: ClassName=M2 Member=Component U5B (U5A) TC4428ACOA
Added Member To Class: ClassName=M2 Member=Component U6B (U6A) TC4428ACOA
Added Room: Name=M3
